[ 2016-04-06T10:31:41+08:00 ] 127.0.0.1 /index.php?m=Home&c=Account&a=register
INFO: [ app_init ] --START--
INFO: Run Behavior\BuildLiteBehavior [ RunTime:0.000012s ]
INFO: [ app_init ] --END-- [ RunTime:0.000348s ]
INFO: [ app_begin ] --START--
INFO: Run Behavior\ReadHtmlCacheBehavior [ RunTime:0.000482s ]
INFO: [ app_begin ] --END-- [ RunTime:0.000521s ]
ERR: 无法加载控制器:Account

[ 2016-04-06T10:32:53+08:00 ] 127.0.0.1 /index.php?m=Home&c=Account&a=register
INFO: [ app_init ] --START--
INFO: Run Behavior\BuildLiteBehavior [ RunTime:0.000018s ]
INFO: [ app_init ] --END-- [ RunTime:0.000287s ]
INFO: [ app_begin ] --START--
INFO: Run Behavior\ReadHtmlCacheBehavior [ RunTime:0.000271s ]
INFO: [ app_begin ] --END-- [ RunTime:0.000303s ]
ERR: Think\Controller:_post方法不存在！

[ 2016-04-06T10:33:27+08:00 ] 127.0.0.1 /index.php?m=Home&c=Account&a=register
INFO: [ app_init ] --START--
INFO: Run Behavior\BuildLiteBehavior [ RunTime:0.000010s ]
INFO: [ app_init ] --END-- [ RunTime:0.000277s ]
INFO: [ app_begin ] --START--
INFO: Run Behavior\ReadHtmlCacheBehavior [ RunTime:0.000315s ]
INFO: [ app_begin ] --END-- [ RunTime:0.000350s ]
ERR: Think\Controller:post方法不存在！

[ 2016-04-06T10:33:52+08:00 ] 127.0.0.1 /index.php?m=Home&c=Account&a=register
INFO: [ app_init ] --START--
INFO: Run Behavior\BuildLiteBehavior [ RunTime:0.000009s ]
INFO: [ app_init ] --END-- [ RunTime:0.000283s ]
INFO: [ app_begin ] --START--
INFO: Run Behavior\ReadHtmlCacheBehavior [ RunTime:0.000324s ]
INFO: [ app_begin ] --END-- [ RunTime:0.000357s ]
ERR: Think\Controller:I方法不存在！

[ 2016-04-06T10:35:41+08:00 ] 127.0.0.1 /index.php?m=Home&c=Account&a=register
INFO: [ app_init ] --START--
INFO: Run Behavior\BuildLiteBehavior [ RunTime:0.000013s ]
INFO: [ app_init ] --END-- [ RunTime:0.000366s ]
INFO: [ app_begin ] --START--
INFO: Run Behavior\ReadHtmlCacheBehavior [ RunTime:0.000300s ]
INFO: [ app_begin ] --END-- [ RunTime:0.000343s ]
ERR: Think\Controller:I方法不存在！

[ 2016-04-06T10:37:32+08:00 ] 127.0.0.1 /index.php?m=Home&c=Account&a=register
INFO: [ app_init ] --START--
INFO: Run Behavior\BuildLiteBehavior [ RunTime:0.000012s ]
INFO: [ app_init ] --END-- [ RunTime:0.000407s ]
INFO: [ app_begin ] --START--
INFO: Run Behavior\ReadHtmlCacheBehavior [ RunTime:0.000433s ]
INFO: [ app_begin ] --END-- [ RunTime:0.000486s ]
ERR: Think\Controller:I方法不存在！

[ 2016-04-06T10:39:11+08:00 ] 127.0.0.1 /index.php?m=Home&c=Account&a=register
INFO: [ app_init ] --START--
INFO: Run Behavior\BuildLiteBehavior [ RunTime:0.000013s ]
INFO: [ app_init ] --END-- [ RunTime:0.000402s ]
INFO: [ app_begin ] --START--
INFO: Run Behavior\ReadHtmlCacheBehavior [ RunTime:0.000342s ]
INFO: [ app_begin ] --END-- [ RunTime:0.000384s ]

[ 2016-04-06T10:42:04+08:00 ] 127.0.0.1 /index.php?m=Home&c=Account&a=register
INFO: [ app_init ] --START--
INFO: Run Behavior\BuildLiteBehavior [ RunTime:0.000019s ]
INFO: [ app_init ] --END-- [ RunTime:0.000303s ]
INFO: [ app_begin ] --START--
INFO: Run Behavior\ReadHtmlCacheBehavior [ RunTime:0.000472s ]
INFO: [ app_begin ] --END-- [ RunTime:0.000521s ]

[ 2016-04-06T10:42:24+08:00 ] 127.0.0.1 /index.php?m=Home&c=Account&a=register
INFO: [ app_init ] --START--
INFO: Run Behavior\BuildLiteBehavior [ RunTime:0.000010s ]
INFO: [ app_init ] --END-- [ RunTime:0.000259s ]
INFO: [ app_begin ] --START--
INFO: Run Behavior\ReadHtmlCacheBehavior [ RunTime:0.000320s ]
INFO: [ app_begin ] --END-- [ RunTime:0.000356s ]
ERR: Think\Controller:post方法不存在！

[ 2016-04-06T10:47:56+08:00 ] 127.0.0.1 /index.php?m=Home&c=Account&a=register
INFO: [ app_init ] --START--
INFO: Run Behavior\BuildLiteBehavior [ RunTime:0.000010s ]
INFO: [ app_init ] --END-- [ RunTime:0.000352s ]
INFO: [ app_begin ] --START--
INFO: Run Behavior\ReadHtmlCacheBehavior [ RunTime:0.000307s ]
INFO: [ app_begin ] --END-- [ RunTime:0.000361s ]
INFO: [ app_end ] --START--
INFO: Run Behavior\ShowPageTraceBehavior [ RunTime:0.000390s ]
INFO: [ app_end ] --END-- [ RunTime:0.000451s ]

[ 2016-04-06T10:48:13+08:00 ] 127.0.0.1 /index.php?m=Home&c=Account&a=register
INFO: [ app_init ] --START--
INFO: Run Behavior\BuildLiteBehavior [ RunTime:0.000009s ]
INFO: [ app_init ] --END-- [ RunTime:0.000253s ]
INFO: [ app_begin ] --START--
INFO: Run Behavior\ReadHtmlCacheBehavior [ RunTime:0.000331s ]
INFO: [ app_begin ] --END-- [ RunTime:0.000363s ]
INFO: [ app_end ] --START--
INFO: Run Behavior\ShowPageTraceBehavior [ RunTime:0.000380s ]
INFO: [ app_end ] --END-- [ RunTime:0.000429s ]

[ 2016-04-06T10:49:19+08:00 ] 127.0.0.1 /index.php?m=Home&c=Account&a=register
INFO: [ app_init ] --START--
INFO: Run Behavior\BuildLiteBehavior [ RunTime:0.000009s ]
INFO: [ app_init ] --END-- [ RunTime:0.000226s ]
INFO: [ app_begin ] --START--
INFO: Run Behavior\ReadHtmlCacheBehavior [ RunTime:0.000315s ]
INFO: [ app_begin ] --END-- [ RunTime:0.000352s ]

[ 2016-04-06T10:50:05+08:00 ] 127.0.0.1 /index.php?m=Home&c=Account&a=register
INFO: [ app_init ] --START--
INFO: Run Behavior\BuildLiteBehavior [ RunTime:0.000009s ]
INFO: [ app_init ] --END-- [ RunTime:0.000267s ]
INFO: [ app_begin ] --START--
INFO: Run Behavior\ReadHtmlCacheBehavior [ RunTime:0.000335s ]
INFO: [ app_begin ] --END-- [ RunTime:0.000369s ]

[ 2016-04-06T10:50:28+08:00 ] 127.0.0.1 /index.php?m=Home&c=Account&a=register
INFO: [ app_init ] --START--
INFO: Run Behavior\BuildLiteBehavior [ RunTime:0.000008s ]
INFO: [ app_init ] --END-- [ RunTime:0.000224s ]
INFO: [ app_begin ] --START--
INFO: Run Behavior\ReadHtmlCacheBehavior [ RunTime:0.000296s ]
INFO: [ app_begin ] --END-- [ RunTime:0.000327s ]

[ 2016-04-06T11:15:48+08:00 ] 127.0.0.1 /index.php?m=Home&c=Account&a=register
INFO: [ app_init ] --START--
INFO: Run Behavior\BuildLiteBehavior [ RunTime:0.000010s ]
INFO: [ app_init ] --END-- [ RunTime:0.000394s ]
INFO: [ app_begin ] --START--
INFO: Run Behavior\ReadHtmlCacheBehavior [ RunTime:0.000383s ]
INFO: [ app_begin ] --END-- [ RunTime:0.000417s ]
ERR: 1146:Table 'test.account' doesn't exist
 [ SQL语句 ] : SHOW COLUMNS FROM `account`
ERR: 1146:Table 'test.account' doesn't exist
 [ SQL语句 ] : SHOW COLUMNS FROM `account`

[ 2016-04-06T11:16:43+08:00 ] 127.0.0.1 /index.php?m=Home&c=Account&a=register
INFO: [ app_init ] --START--
INFO: Run Behavior\BuildLiteBehavior [ RunTime:0.000011s ]
INFO: [ app_init ] --END-- [ RunTime:0.000418s ]
INFO: [ app_begin ] --START--
INFO: Run Behavior\ReadHtmlCacheBehavior [ RunTime:0.000388s ]
INFO: [ app_begin ] --END-- [ RunTime:0.000421s ]
ERR: 1146:Table 'test.account' doesn't exist
 [ SQL语句 ] : SHOW COLUMNS FROM `account`
ERR: 1146:Table 'test.account' doesn't exist
 [ SQL语句 ] : SHOW COLUMNS FROM `account`

[ 2016-04-06T11:17:44+08:00 ] 127.0.0.1 /index.php?m=Home&c=Account&a=register
INFO: [ app_init ] --START--
INFO: Run Behavior\BuildLiteBehavior [ RunTime:0.000010s ]
INFO: [ app_init ] --END-- [ RunTime:0.000287s ]
INFO: [ app_begin ] --START--
INFO: Run Behavior\ReadHtmlCacheBehavior [ RunTime:0.000324s ]
INFO: [ app_begin ] --END-- [ RunTime:0.000366s ]
ERR: 1146:Table 'test.account' doesn't exist
 [ SQL语句 ] : SHOW COLUMNS FROM `account`
ERR: 1146:Table 'test.account' doesn't exist
 [ SQL语句 ] : SHOW COLUMNS FROM `account`

[ 2016-04-06T11:19:13+08:00 ] 127.0.0.1 /index.php?m=Home&c=Account&a=register
INFO: [ app_init ] --START--
INFO: Run Behavior\BuildLiteBehavior [ RunTime:0.000018s ]
INFO: [ app_init ] --END-- [ RunTime:0.000502s ]
INFO: [ app_begin ] --START--
INFO: Run Behavior\ReadHtmlCacheBehavior [ RunTime:0.000394s ]
INFO: [ app_begin ] --END-- [ RunTime:0.000438s ]
ERR: 1146:Table 'test.account' doesn't exist
 [ SQL语句 ] : SHOW COLUMNS FROM `account`
ERR: 1146:Table 'test.account' doesn't exist
 [ SQL语句 ] : SHOW COLUMNS FROM `account`

[ 2016-04-06T11:20:27+08:00 ] 127.0.0.1 /index.php?m=Home&c=Account&a=register
INFO: [ app_init ] --START--
INFO: Run Behavior\BuildLiteBehavior [ RunTime:0.000012s ]
INFO: [ app_init ] --END-- [ RunTime:0.000300s ]
INFO: [ app_begin ] --START--
INFO: Run Behavior\ReadHtmlCacheBehavior [ RunTime:0.000538s ]
INFO: [ app_begin ] --END-- [ RunTime:0.000618s ]

[ 2016-04-06T11:21:20+08:00 ] 127.0.0.1 /index.php?m=Home&c=Account&a=register
INFO: [ app_init ] --START--
INFO: Run Behavior\BuildLiteBehavior [ RunTime:0.000012s ]
INFO: [ app_init ] --END-- [ RunTime:0.000322s ]
INFO: [ app_begin ] --START--
INFO: Run Behavior\ReadHtmlCacheBehavior [ RunTime:0.000354s ]
INFO: [ app_begin ] --END-- [ RunTime:0.000394s ]
ERR: 1146:Table 'test.account' doesn't exist
 [ SQL语句 ] : SHOW COLUMNS FROM `account`
ERR: 1146:Table 'test.account' doesn't exist
 [ SQL语句 ] : SHOW COLUMNS FROM `account`

[ 2016-04-06T11:24:14+08:00 ] 127.0.0.1 /index.php?m=Home&c=Account&a=register
INFO: [ app_init ] --START--
INFO: Run Behavior\BuildLiteBehavior [ RunTime:0.000010s ]
INFO: [ app_init ] --END-- [ RunTime:0.000300s ]
INFO: [ app_begin ] --START--
INFO: Run Behavior\ReadHtmlCacheBehavior [ RunTime:0.000393s ]
INFO: [ app_begin ] --END-- [ RunTime:0.000431s ]
SQL: SHOW COLUMNS FROM `account` [ RunTime:0.0034s ]

[ 2016-04-06T11:24:48+08:00 ] 127.0.0.1 /index.php?m=Home&c=Account&a=register
INFO: [ app_init ] --START--
INFO: Run Behavior\BuildLiteBehavior [ RunTime:0.000010s ]
INFO: [ app_init ] --END-- [ RunTime:0.000258s ]
INFO: [ app_begin ] --START--
INFO: Run Behavior\ReadHtmlCacheBehavior [ RunTime:0.000332s ]
INFO: [ app_begin ] --END-- [ RunTime:0.000395s ]
SQL: SHOW COLUMNS FROM `account` [ RunTime:0.0029s ]

[ 2016-04-06T11:30:50+08:00 ] 127.0.0.1 /index.php?m=Home&c=Account&a=register
INFO: [ app_init ] --START--
INFO: Run Behavior\BuildLiteBehavior [ RunTime:0.000010s ]
INFO: [ app_init ] --END-- [ RunTime:0.000269s ]
INFO: [ app_begin ] --START--
INFO: Run Behavior\ReadHtmlCacheBehavior [ RunTime:0.000412s ]
INFO: [ app_begin ] --END-- [ RunTime:0.000446s ]
SQL: SHOW COLUMNS FROM `account` [ RunTime:0.0029s ]
SQL: select userid from account where account = 'haohan' [ RunTime:0.0004s ]
ERR: 1054:Unknown column 'aini1314' in 'field list'
 [ SQL语句 ] : insert into account (account,password) values ('haohan',password(aini1314))
ERR: 1054:Unknown column 'aini1314' in 'field list'
 [ SQL语句 ] : insert into account (account,password) values ('haohan',password(aini1314))

[ 2016-04-06T11:38:30+08:00 ] 127.0.0.1 /index.php?m=Home&c=Account&a=register
INFO: [ app_init ] --START--
INFO: Run Behavior\BuildLiteBehavior [ RunTime:0.000009s ]
INFO: [ app_init ] --END-- [ RunTime:0.000301s ]
INFO: [ app_begin ] --START--
INFO: Run Behavior\ReadHtmlCacheBehavior [ RunTime:0.000381s ]
INFO: [ app_begin ] --END-- [ RunTime:0.000414s ]
SQL: SHOW COLUMNS FROM `account` [ RunTime:0.0031s ]
SQL: select userid from account where account = 'haohan' [ RunTime:0.0004s ]

[ 2016-04-06T12:22:54+08:00 ] 127.0.0.1 /index.php?m=Home&c=Account&a=register
INFO: [ app_init ] --START--
INFO: Run Behavior\BuildLiteBehavior [ RunTime:0.000009s ]
INFO: [ app_init ] --END-- [ RunTime:0.000263s ]
INFO: [ app_begin ] --START--
INFO: Run Behavior\ReadHtmlCacheBehavior [ RunTime:0.000338s ]
INFO: [ app_begin ] --END-- [ RunTime:0.000371s ]
SQL: SHOW COLUMNS FROM `account` [ RunTime:0.0032s ]
SQL: select userid from account where account = 'haohan' [ RunTime:0.0004s ]
INFO: [ app_end ] --START--
INFO: Run Behavior\ShowPageTraceBehavior [ RunTime:0.000429s ]
INFO: [ app_end ] --END-- [ RunTime:0.000463s ]

[ 2016-04-06T12:23:37+08:00 ] 127.0.0.1 /index.php?m=Home&c=Account&a=register
INFO: [ app_init ] --START--
INFO: Run Behavior\BuildLiteBehavior [ RunTime:0.000009s ]
INFO: [ app_init ] --END-- [ RunTime:0.000248s ]
INFO: [ app_begin ] --START--
INFO: Run Behavior\ReadHtmlCacheBehavior [ RunTime:0.000365s ]
INFO: [ app_begin ] --END-- [ RunTime:0.000423s ]
SQL: SHOW COLUMNS FROM `account` [ RunTime:0.0035s ]
SQL: select userid from account where account = 'hans' [ RunTime:0.0006s ]
ERR: 1054:Unknown column 'aini1314' in 'field list'
 [ SQL语句 ] : insert into account (account,password) values ('hans',password(aini1314))
ERR: 1054:Unknown column 'aini1314' in 'field list'
 [ SQL语句 ] : insert into account (account,password) values ('hans',password(aini1314))

[ 2016-04-06T12:24:03+08:00 ] 127.0.0.1 /index.php?m=Home&c=Account&a=register
INFO: [ app_init ] --START--
INFO: Run Behavior\BuildLiteBehavior [ RunTime:0.000010s ]
INFO: [ app_init ] --END-- [ RunTime:0.000271s ]
INFO: [ app_begin ] --START--
INFO: Run Behavior\ReadHtmlCacheBehavior [ RunTime:0.000344s ]
INFO: [ app_begin ] --END-- [ RunTime:0.000382s ]
SQL: SHOW COLUMNS FROM `account` [ RunTime:0.0038s ]
SQL: select userid from account where account = 'hans' [ RunTime:0.0006s ]
SQL: insert into account (account,password) values ('hans',password('aini1314')) [ RunTime:0.0005s ]
INFO: [ app_end ] --START--
INFO: Run Behavior\ShowPageTraceBehavior [ RunTime:0.000426s ]
INFO: [ app_end ] --END-- [ RunTime:0.000465s ]

[ 2016-04-06T13:38:47+08:00 ] 127.0.0.1 /index.php?m=Home&c=Account&a=register
INFO: [ app_init ] --START--
INFO: Run Behavior\BuildLiteBehavior [ RunTime:0.000009s ]
INFO: [ app_init ] --END-- [ RunTime:0.000309s ]
INFO: [ app_begin ] --START--
INFO: Run Behavior\ReadHtmlCacheBehavior [ RunTime:0.000369s ]
INFO: [ app_begin ] --END-- [ RunTime:0.000403s ]
SQL: SHOW COLUMNS FROM `memberaccount` [ RunTime:0.0034s ]
SQL: select userid from memberaccount where account = 'hans' [ RunTime:0.0002s ]
INFO: [ app_end ] --START--
INFO: Run Behavior\ShowPageTraceBehavior [ RunTime:0.000517s ]
INFO: [ app_end ] --END-- [ RunTime:0.000566s ]

[ 2016-04-06T13:39:05+08:00 ] 127.0.0.1 /index.php?m=Home&c=Account&a=register
INFO: [ app_init ] --START--
INFO: Run Behavior\BuildLiteBehavior [ RunTime:0.000009s ]
INFO: [ app_init ] --END-- [ RunTime:0.000222s ]
INFO: [ app_begin ] --START--
INFO: Run Behavior\ReadHtmlCacheBehavior [ RunTime:0.000334s ]
INFO: [ app_begin ] --END-- [ RunTime:0.000382s ]
SQL: SHOW COLUMNS FROM `memberaccount` [ RunTime:0.0033s ]
SQL: select userid from memberaccount where account = 'uglyboyhans' [ RunTime:0.0007s ]
SQL: insert into memberaccount (account,password) values ('uglyboyhans',password('aishangni520!')) [ RunTime:0.0006s ]
INFO: [ app_end ] --START--
INFO: Run Behavior\ShowPageTraceBehavior [ RunTime:0.000408s ]
INFO: [ app_end ] --END-- [ RunTime:0.000448s ]

[ 2016-04-06T14:16:15+08:00 ] 127.0.0.1 /index.php?m=Home&c=Account&a=login
INFO: [ app_init ] --START--
INFO: Run Behavior\BuildLiteBehavior [ RunTime:0.000008s ]
INFO: [ app_init ] --END-- [ RunTime:0.000271s ]
INFO: [ app_begin ] --START--
INFO: Run Behavior\ReadHtmlCacheBehavior [ RunTime:0.000358s ]
INFO: [ app_begin ] --END-- [ RunTime:0.000401s ]
SQL: SHOW COLUMNS FROM `memberaccount` [ RunTime:0.0035s ]
SQL: select userid from memberaccount where account = 'uglyboyhans' [ RunTime:0.0005s ]
SQL: select userid from memberaccount where account = 'uglyboyhans' and password=password('aishangni520!') [ RunTime:0.0002s ]
NOTIC: [8] Undefined index: userid D:\Workspace\shopping\Application\Home\Model\AccountModel.class.php 第 57 行.
INFO: [ app_end ] --START--
INFO: Run Behavior\ShowPageTraceBehavior [ RunTime:0.000464s ]
INFO: [ app_end ] --END-- [ RunTime:0.000498s ]

[ 2016-04-06T14:17:34+08:00 ] 127.0.0.1 /index.php?m=Home&c=Account&a=login
INFO: [ app_init ] --START--
INFO: Run Behavior\BuildLiteBehavior [ RunTime:0.000011s ]
INFO: [ app_init ] --END-- [ RunTime:0.000301s ]
INFO: [ app_begin ] --START--
INFO: Run Behavior\ReadHtmlCacheBehavior [ RunTime:0.000417s ]
INFO: [ app_begin ] --END-- [ RunTime:0.000451s ]
SQL: SHOW COLUMNS FROM `memberaccount` [ RunTime:0.0034s ]
SQL: select userid from memberaccount where account = 'uglyboyhans' [ RunTime:0.0006s ]
SQL: select userid from memberaccount where account = 'uglyboyhans' and password=password('aishangni520!') [ RunTime:0.0005s ]
NOTIC: [8] Undefined index: userid D:\Workspace\shopping\Application\Home\Model\AccountModel.class.php 第 57 行.
INFO: [ app_end ] --START--
INFO: Run Behavior\ShowPageTraceBehavior [ RunTime:0.000443s ]
INFO: [ app_end ] --END-- [ RunTime:0.000500s ]

[ 2016-04-06T14:18:41+08:00 ] 127.0.0.1 /index.php?m=Home&c=Account&a=login
INFO: [ app_init ] --START--
INFO: Run Behavior\BuildLiteBehavior [ RunTime:0.000009s ]
INFO: [ app_init ] --END-- [ RunTime:0.000292s ]
INFO: [ app_begin ] --START--
INFO: Run Behavior\ReadHtmlCacheBehavior [ RunTime:0.000298s ]
INFO: [ app_begin ] --END-- [ RunTime:0.000331s ]

[ 2016-04-06T14:19:14+08:00 ] 127.0.0.1 /index.php?m=Home&c=Account&a=login
INFO: [ app_init ] --START--
INFO: Run Behavior\BuildLiteBehavior [ RunTime:0.000014s ]
INFO: [ app_init ] --END-- [ RunTime:0.000402s ]
INFO: [ app_begin ] --START--
INFO: Run Behavior\ReadHtmlCacheBehavior [ RunTime:0.000562s ]
INFO: [ app_begin ] --END-- [ RunTime:0.000635s ]
SQL: SHOW COLUMNS FROM `memberaccount` [ RunTime:0.0035s ]
SQL: select userid from memberaccount where account = 'uglyboyhans' [ RunTime:0.0007s ]
SQL: select userid from memberaccount where account = 'uglyboyhans' and password=password('aishangni520!') [ RunTime:0.0005s ]
NOTIC: [8] Undefined index: userid D:\Workspace\shopping\Application\Home\Model\AccountModel.class.php 第 57 行.

[ 2016-04-06T14:22:11+08:00 ] 127.0.0.1 /index.php?m=Home&c=Account&a=login
INFO: [ app_init ] --START--
INFO: Run Behavior\BuildLiteBehavior [ RunTime:0.000010s ]
INFO: [ app_init ] --END-- [ RunTime:0.000339s ]
INFO: [ app_begin ] --START--
INFO: Run Behavior\ReadHtmlCacheBehavior [ RunTime:0.000352s ]
INFO: [ app_begin ] --END-- [ RunTime:0.000390s ]
SQL: SHOW COLUMNS FROM `memberaccount` [ RunTime:0.0029s ]
SQL: select userid from memberaccount where account = 'uglyboyhans' [ RunTime:0.0004s ]
SQL: select userid from memberaccount where account = 'uglyboyhans' and password=password('aishangni520!') [ RunTime:0.0003s ]
NOTIC: [8] Undefined index: userid D:\Workspace\shopping\Application\Home\Model\AccountModel.class.php 第 57 行.
INFO: [ app_end ] --START--
INFO: Run Behavior\ShowPageTraceBehavior [ RunTime:0.000545s ]
INFO: [ app_end ] --END-- [ RunTime:0.000582s ]

[ 2016-04-06T14:22:57+08:00 ] 127.0.0.1 /index.php?m=Home&c=Account&a=login
INFO: [ app_init ] --START--
INFO: Run Behavior\BuildLiteBehavior [ RunTime:0.000017s ]
INFO: [ app_init ] --END-- [ RunTime:0.000859s ]
INFO: [ app_begin ] --START--
INFO: Run Behavior\ReadHtmlCacheBehavior [ RunTime:0.001497s ]
INFO: [ app_begin ] --END-- [ RunTime:0.001684s ]
SQL: SHOW COLUMNS FROM `memberaccount` [ RunTime:0.0042s ]
SQL: select userid from memberaccount where account = 'uglyboyhans' [ RunTime:0.0007s ]
SQL: select userid from memberaccount where account = 'uglyboyhans' and password=password('aishangni520!') [ RunTime:0.0009s ]
NOTIC: [8] Undefined index: userid D:\Workspace\shopping\Application\Home\Model\AccountModel.class.php 第 53 行.

[ 2016-04-06T14:23:17+08:00 ] 127.0.0.1 /index.php?m=Home&c=Account&a=login
INFO: [ app_init ] --START--
INFO: Run Behavior\BuildLiteBehavior [ RunTime:0.000009s ]
INFO: [ app_init ] --END-- [ RunTime:0.000292s ]
INFO: [ app_begin ] --START--
INFO: Run Behavior\ReadHtmlCacheBehavior [ RunTime:0.000308s ]
INFO: [ app_begin ] --END-- [ RunTime:0.000339s ]
SQL: SHOW COLUMNS FROM `memberaccount` [ RunTime:0.0029s ]
SQL: select userid from memberaccount where account = 'uglyboyhans' [ RunTime:0.0004s ]
SQL: select userid from memberaccount where account = 'uglyboyhans' and password=password('aishangni520!') [ RunTime:0.0003s ]

[ 2016-04-06T14:31:37+08:00 ] 127.0.0.1 /index.php?c=Account&a=register
INFO: [ app_init ] --START--
INFO: Run Behavior\BuildLiteBehavior [ RunTime:0.000009s ]
INFO: [ app_init ] --END-- [ RunTime:0.000292s ]
INFO: [ app_begin ] --START--
INFO: Run Behavior\ReadHtmlCacheBehavior [ RunTime:0.000381s ]
INFO: [ app_begin ] --END-- [ RunTime:0.000414s ]
SQL: SHOW COLUMNS FROM `memberaccount` [ RunTime:0.0028s ]
SQL: select userid from memberaccount where account = 'tangchengtao' [ RunTime:0.0004s ]
SQL: insert into memberaccount (account,password) values ('tangchengtao',password('dabaichi')) [ RunTime:0.0004s ]
INFO: [ app_end ] --START--
INFO: Run Behavior\ShowPageTraceBehavior [ RunTime:0.000495s ]
INFO: [ app_end ] --END-- [ RunTime:0.000542s ]

[ 2016-04-06T14:33:32+08:00 ] 127.0.0.1 /index.php?m=Account&f=register
INFO: [ app_init ] --START--
INFO: Run Behavior\BuildLiteBehavior [ RunTime:0.000011s ]
INFO: [ app_init ] --END-- [ RunTime:0.000279s ]
INFO: [ app_begin ] --START--
INFO: Run Behavior\ReadHtmlCacheBehavior [ RunTime:0.000285s ]
INFO: [ app_begin ] --END-- [ RunTime:0.000317s ]
SQL: SHOW COLUMNS FROM `memberaccount` [ RunTime:0.0030s ]
SQL: select userid from memberaccount where account = 'tangchengtao' [ RunTime:0.0004s ]
INFO: [ app_end ] --START--
INFO: Run Behavior\ShowPageTraceBehavior [ RunTime:0.000404s ]
INFO: [ app_end ] --END-- [ RunTime:0.000436s ]

[ 2016-04-06T15:33:24+08:00 ] 127.0.0.1 /index.php?m=Account&f=login
INFO: [ app_init ] --START--
INFO: Run Behavior\BuildLiteBehavior [ RunTime:0.000015s ]
INFO: [ app_init ] --END-- [ RunTime:0.000471s ]
INFO: [ app_begin ] --START--
INFO: Run Behavior\ReadHtmlCacheBehavior [ RunTime:0.002060s ]
INFO: [ app_begin ] --END-- [ RunTime:0.002169s ]
SQL: SHOW COLUMNS FROM `memberaccount` [ RunTime:0.0053s ]
SQL: select userid from memberaccount where account = 'haohan' [ RunTime:0.0008s ]
SQL: select userid from memberaccount where account = 'haohan' and password=password('aini1314') [ RunTime:0.0007s ]
INFO: [ app_end ] --START--
INFO: Run Behavior\ShowPageTraceBehavior [ RunTime:0.000537s ]
INFO: [ app_end ] --END-- [ RunTime:0.000580s ]

[ 2016-04-06T15:33:52+08:00 ] 127.0.0.1 /index.php?m=Account&f=login
INFO: [ app_init ] --START--
INFO: Run Behavior\BuildLiteBehavior [ RunTime:0.000012s ]
INFO: [ app_init ] --END-- [ RunTime:0.000267s ]
INFO: [ app_begin ] --START--
INFO: Run Behavior\ReadHtmlCacheBehavior [ RunTime:0.000320s ]
INFO: [ app_begin ] --END-- [ RunTime:0.000357s ]
SQL: SHOW COLUMNS FROM `memberaccount` [ RunTime:0.0029s ]
SQL: select userid from memberaccount where account = 'haohandddd' [ RunTime:0.0010s ]
INFO: [ app_end ] --START--
INFO: Run Behavior\ShowPageTraceBehavior [ RunTime:0.000395s ]
INFO: [ app_end ] --END-- [ RunTime:0.000433s ]

[ 2016-04-06T15:34:05+08:00 ] 127.0.0.1 /index.php?m=Account&f=login
INFO: [ app_init ] --START--
INFO: Run Behavior\BuildLiteBehavior [ RunTime:0.000015s ]
INFO: [ app_init ] --END-- [ RunTime:0.000349s ]
INFO: [ app_begin ] --START--
INFO: Run Behavior\ReadHtmlCacheBehavior [ RunTime:0.000487s ]
INFO: [ app_begin ] --END-- [ RunTime:0.000537s ]
SQL: SHOW COLUMNS FROM `memberaccount` [ RunTime:0.0026s ]
SQL: select userid from memberaccount where account = 'haohandddd' [ RunTime:0.0004s ]
INFO: [ app_end ] --START--
INFO: Run Behavior\ShowPageTraceBehavior [ RunTime:0.000425s ]
INFO: [ app_end ] --END-- [ RunTime:0.000461s ]

[ 2016-04-06T15:34:11+08:00 ] 127.0.0.1 /index.php?m=Account&f=login
INFO: [ app_init ] --START--
INFO: Run Behavior\BuildLiteBehavior [ RunTime:0.000011s ]
INFO: [ app_init ] --END-- [ RunTime:0.000316s ]
INFO: [ app_begin ] --START--
INFO: Run Behavior\ReadHtmlCacheBehavior [ RunTime:0.000398s ]
INFO: [ app_begin ] --END-- [ RunTime:0.000437s ]
SQL: SHOW COLUMNS FROM `memberaccount` [ RunTime:0.0044s ]
SQL: select userid from memberaccount where account = 'haohan' [ RunTime:0.0005s ]
SQL: select userid from memberaccount where account = 'haohan' and password=password('aini1314') [ RunTime:0.0005s ]
INFO: [ app_end ] --START--
INFO: Run Behavior\ShowPageTraceBehavior [ RunTime:0.000443s ]
INFO: [ app_end ] --END-- [ RunTime:0.000481s ]

[ 2016-04-06T15:43:44+08:00 ] 127.0.0.1 /index.php?m=Account&f=login
INFO: [ app_init ] --START--
INFO: Run Behavior\BuildLiteBehavior [ RunTime:0.000010s ]
INFO: [ app_init ] --END-- [ RunTime:0.000265s ]
INFO: [ app_begin ] --START--
INFO: Run Behavior\ReadHtmlCacheBehavior [ RunTime:0.000423s ]
INFO: [ app_begin ] --END-- [ RunTime:0.000467s ]
SQL: SHOW COLUMNS FROM `memberaccount` [ RunTime:0.0041s ]
SQL: select userid from memberaccount where account = 'haohan' [ RunTime:0.0009s ]
SQL: select userid from memberaccount where account = 'haohan' and password=password('aini1314') [ RunTime:0.0005s ]
INFO: [ app_end ] --START--
INFO: Run Behavior\ShowPageTraceBehavior [ RunTime:0.000500s ]
INFO: [ app_end ] --END-- [ RunTime:0.000546s ]

[ 2016-04-06T15:52:00+08:00 ] 127.0.0.1 /index.php?m=Account&f=login
INFO: [ app_init ] --START--
INFO: Run Behavior\BuildLiteBehavior [ RunTime:0.000014s ]
INFO: [ app_init ] --END-- [ RunTime:0.000410s ]
INFO: [ app_begin ] --START--
INFO: Run Behavior\ReadHtmlCacheBehavior [ RunTime:0.000433s ]
INFO: [ app_begin ] --END-- [ RunTime:0.000475s ]
SQL: SHOW COLUMNS FROM `memberaccount` [ RunTime:0.0031s ]
SQL: select userid from memberaccount where account = 'haohan' [ RunTime:0.0003s ]
SQL: select userid from memberaccount where account = 'haohan' and password=password('aini1314') [ RunTime:0.0002s ]
INFO: [ app_end ] --START--
INFO: Run Behavior\ShowPageTraceBehavior [ RunTime:0.000449s ]
INFO: [ app_end ] --END-- [ RunTime:0.000484s ]

[ 2016-04-06T15:52:12+08:00 ] 127.0.0.1 /index.php?m=Account&f=login
INFO: [ app_init ] --START--
INFO: Run Behavior\BuildLiteBehavior [ RunTime:0.000010s ]
INFO: [ app_init ] --END-- [ RunTime:0.000230s ]
INFO: [ app_begin ] --START--
INFO: Run Behavior\ReadHtmlCacheBehavior [ RunTime:0.000295s ]
INFO: [ app_begin ] --END-- [ RunTime:0.000327s ]
SQL: SHOW COLUMNS FROM `memberaccount` [ RunTime:0.0035s ]
SQL: select userid from memberaccount where account = 'haohan' [ RunTime:0.0007s ]
SQL: select userid from memberaccount where account = 'haohan' and password=password('aini1314') [ RunTime:0.0006s ]
INFO: [ app_end ] --START--
INFO: Run Behavior\ShowPageTraceBehavior [ RunTime:0.000529s ]
INFO: [ app_end ] --END-- [ RunTime:0.000570s ]

[ 2016-04-06T15:52:13+08:00 ] 127.0.0.1 /index.php?m=Account&f=isLogin
INFO: [ app_init ] --START--
INFO: Run Behavior\BuildLiteBehavior [ RunTime:0.000025s ]
INFO: [ app_init ] --END-- [ RunTime:0.000523s ]
INFO: [ app_begin ] --START--
INFO: Run Behavior\ReadHtmlCacheBehavior [ RunTime:0.001142s ]
INFO: [ app_begin ] --END-- [ RunTime:0.001224s ]
SQL: SHOW COLUMNS FROM `memberaccount` [ RunTime:0.0030s ]
INFO: [ app_end ] --START--
INFO: Run Behavior\ShowPageTraceBehavior [ RunTime:0.000504s ]
INFO: [ app_end ] --END-- [ RunTime:0.000545s ]

[ 2016-04-06T15:53:22+08:00 ] 127.0.0.1 /index.php?m=Account&f=login
INFO: [ app_init ] --START--
INFO: Run Behavior\BuildLiteBehavior [ RunTime:0.000013s ]
INFO: [ app_init ] --END-- [ RunTime:0.000298s ]
INFO: [ app_begin ] --START--
INFO: Run Behavior\ReadHtmlCacheBehavior [ RunTime:0.000339s ]
INFO: [ app_begin ] --END-- [ RunTime:0.000377s ]
SQL: SHOW COLUMNS FROM `memberaccount` [ RunTime:0.0036s ]
SQL: select userid from memberaccount where account = 'haohan' [ RunTime:0.0009s ]
SQL: select userid from memberaccount where account = 'haohan' and password=password('aini1314') [ RunTime:0.0008s ]
INFO: [ app_end ] --START--
INFO: Run Behavior\ShowPageTraceBehavior [ RunTime:0.000515s ]
INFO: [ app_end ] --END-- [ RunTime:0.000562s ]

[ 2016-04-06T15:53:24+08:00 ] 127.0.0.1 /index.php?m=Account&f=isLogin
INFO: [ app_init ] --START--
INFO: Run Behavior\BuildLiteBehavior [ RunTime:0.000012s ]
INFO: [ app_init ] --END-- [ RunTime:0.000299s ]
INFO: [ app_begin ] --START--
INFO: Run Behavior\ReadHtmlCacheBehavior [ RunTime:0.000436s ]
INFO: [ app_begin ] --END-- [ RunTime:0.000490s ]
SQL: SHOW COLUMNS FROM `memberaccount` [ RunTime:0.0036s ]
INFO: [ app_end ] --START--
INFO: Run Behavior\ShowPageTraceBehavior [ RunTime:0.000555s ]
INFO: [ app_end ] --END-- [ RunTime:0.000607s ]

[ 2016-04-06T16:06:31+08:00 ] 127.0.0.1 /index.php?m=Account&f=login
INFO: [ app_init ] --START--
INFO: Run Behavior\BuildLiteBehavior [ RunTime:0.000019s ]
INFO: [ app_init ] --END-- [ RunTime:0.000344s ]
INFO: [ app_begin ] --START--
INFO: Run Behavior\ReadHtmlCacheBehavior [ RunTime:0.000375s ]
INFO: [ app_begin ] --END-- [ RunTime:0.000422s ]
SQL: SHOW COLUMNS FROM `memberaccount` [ RunTime:0.0100s ]
SQL: select userid from memberaccount where account = 'haohan' [ RunTime:0.0005s ]
SQL: select userid from memberaccount where account = 'haohan' and password=password('aini1314') [ RunTime:0.0004s ]
INFO: [ app_end ] --START--
INFO: Run Behavior\ShowPageTraceBehavior [ RunTime:0.000656s ]
INFO: [ app_end ] --END-- [ RunTime:0.000741s ]

[ 2016-04-06T16:06:33+08:00 ] 127.0.0.1 /index.php?m=Account&f=isLogin
INFO: [ app_init ] --START--
INFO: Run Behavior\BuildLiteBehavior [ RunTime:0.000010s ]
INFO: [ app_init ] --END-- [ RunTime:0.000292s ]
INFO: [ app_begin ] --START--
INFO: Run Behavior\ReadHtmlCacheBehavior [ RunTime:0.000280s ]
INFO: [ app_begin ] --END-- [ RunTime:0.000311s ]
SQL: SHOW COLUMNS FROM `memberaccount` [ RunTime:0.0029s ]
INFO: [ app_end ] --START--
INFO: Run Behavior\ShowPageTraceBehavior [ RunTime:0.000414s ]
INFO: [ app_end ] --END-- [ RunTime:0.000454s ]

[ 2016-04-06T16:07:42+08:00 ] 127.0.0.1 /index.php?m=Account&f=login
INFO: [ app_init ] --START--
INFO: Run Behavior\BuildLiteBehavior [ RunTime:0.000010s ]
INFO: [ app_init ] --END-- [ RunTime:0.000254s ]
INFO: [ app_begin ] --START--
INFO: Run Behavior\ReadHtmlCacheBehavior [ RunTime:0.000314s ]
INFO: [ app_begin ] --END-- [ RunTime:0.000347s ]
SQL: SHOW COLUMNS FROM `memberaccount` [ RunTime:0.0029s ]
SQL: select userid from memberaccount where account = 'haohan' [ RunTime:0.0004s ]
SQL: select userid from memberaccount where account = 'haohan' and password=password('aini1314') [ RunTime:0.0004s ]
INFO: [ app_end ] --START--
INFO: Run Behavior\ShowPageTraceBehavior [ RunTime:0.000512s ]
INFO: [ app_end ] --END-- [ RunTime:0.000562s ]

[ 2016-04-06T16:07:43+08:00 ] 127.0.0.1 /index.php?m=Account&f=isLogin
INFO: [ app_init ] --START--
INFO: Run Behavior\BuildLiteBehavior [ RunTime:0.000018s ]
INFO: [ app_init ] --END-- [ RunTime:0.000460s ]
INFO: [ app_begin ] --START--
INFO: Run Behavior\ReadHtmlCacheBehavior [ RunTime:0.000704s ]
INFO: [ app_begin ] --END-- [ RunTime:0.000760s ]
INFO: [ app_end ] --START--
INFO: Run Behavior\ShowPageTraceBehavior [ RunTime:0.000401s ]
INFO: [ app_end ] --END-- [ RunTime:0.000469s ]

[ 2016-04-06T16:08:59+08:00 ] 127.0.0.1 /index.php?m=Account&f=isLogin
INFO: [ app_init ] --START--
INFO: Run Behavior\BuildLiteBehavior [ RunTime:0.000010s ]
INFO: [ app_init ] --END-- [ RunTime:0.000299s ]
INFO: [ app_begin ] --START--
INFO: Run Behavior\ReadHtmlCacheBehavior [ RunTime:0.000331s ]
INFO: [ app_begin ] --END-- [ RunTime:0.000363s ]

[ 2016-04-06T16:09:13+08:00 ] 127.0.0.1 /index.php?m=Account&f=isLogin
INFO: [ app_init ] --START--
INFO: Run Behavior\BuildLiteBehavior [ RunTime:0.000018s ]
INFO: [ app_init ] --END-- [ RunTime:0.000448s ]
INFO: [ app_begin ] --START--
INFO: Run Behavior\ReadHtmlCacheBehavior [ RunTime:0.000619s ]
INFO: [ app_begin ] --END-- [ RunTime:0.000694s ]

[ 2016-04-06T16:09:24+08:00 ] 127.0.0.1 /index.php?m=Account&f=login
INFO: [ app_init ] --START--
INFO: Run Behavior\BuildLiteBehavior [ RunTime:0.000009s ]
INFO: [ app_init ] --END-- [ RunTime:0.000259s ]
INFO: [ app_begin ] --START--
INFO: Run Behavior\ReadHtmlCacheBehavior [ RunTime:0.000352s ]
INFO: [ app_begin ] --END-- [ RunTime:0.000390s ]
SQL: SHOW COLUMNS FROM `memberaccount` [ RunTime:0.0036s ]
SQL: select userid from memberaccount where account = 'haohan' [ RunTime:0.0003s ]
SQL: select userid from memberaccount where account = 'haohan' and password=password('aini1314') [ RunTime:0.0003s ]
INFO: [ app_end ] --START--
INFO: Run Behavior\ShowPageTraceBehavior [ RunTime:0.000477s ]
INFO: [ app_end ] --END-- [ RunTime:0.000514s ]

[ 2016-04-06T16:09:25+08:00 ] 127.0.0.1 /index.php?m=Account&f=isLogin
INFO: [ app_init ] --START--
INFO: Run Behavior\BuildLiteBehavior [ RunTime:0.000012s ]
INFO: [ app_init ] --END-- [ RunTime:0.000382s ]
INFO: [ app_begin ] --START--
INFO: Run Behavior\ReadHtmlCacheBehavior [ RunTime:0.000401s ]
INFO: [ app_begin ] --END-- [ RunTime:0.000450s ]

[ 2016-04-06T16:10:14+08:00 ] 127.0.0.1 /index.php?m=Account&f=login
INFO: [ app_init ] --START--
INFO: Run Behavior\BuildLiteBehavior [ RunTime:0.000009s ]
INFO: [ app_init ] --END-- [ RunTime:0.000270s ]
INFO: [ app_begin ] --START--
INFO: Run Behavior\ReadHtmlCacheBehavior [ RunTime:0.000275s ]
INFO: [ app_begin ] --END-- [ RunTime:0.000308s ]
SQL: SHOW COLUMNS FROM `memberaccount` [ RunTime:0.0032s ]
SQL: select userid from memberaccount where account = 'haohan' [ RunTime:0.0004s ]
SQL: select userid from memberaccount where account = 'haohan' and password=password('aini1314') [ RunTime:0.0004s ]
INFO: [ app_end ] --START--
INFO: Run Behavior\ShowPageTraceBehavior [ RunTime:0.000475s ]
INFO: [ app_end ] --END-- [ RunTime:0.000510s ]

[ 2016-04-06T16:10:15+08:00 ] 127.0.0.1 /index.php?m=Account&f=isLogin
INFO: [ app_init ] --START--
INFO: Run Behavior\BuildLiteBehavior [ RunTime:0.000013s ]
INFO: [ app_init ] --END-- [ RunTime:0.000394s ]
INFO: [ app_begin ] --START--
INFO: Run Behavior\ReadHtmlCacheBehavior [ RunTime:0.000415s ]
INFO: [ app_begin ] --END-- [ RunTime:0.000465s ]

[ 2016-04-06T16:14:29+08:00 ] 127.0.0.1 /index.php?m=Account&f=login
INFO: [ app_init ] --START--
INFO: Run Behavior\BuildLiteBehavior [ RunTime:0.000012s ]
INFO: [ app_init ] --END-- [ RunTime:0.000353s ]
INFO: [ app_begin ] --START--
INFO: Run Behavior\ReadHtmlCacheBehavior [ RunTime:0.000355s ]
INFO: [ app_begin ] --END-- [ RunTime:0.000389s ]
SQL: SHOW COLUMNS FROM `memberaccount` [ RunTime:0.0033s ]
SQL: select userid from memberaccount where account = 'haohan' [ RunTime:0.0005s ]

[ 2016-04-06T16:14:58+08:00 ] 127.0.0.1 /index.php?m=Account&f=login
INFO: [ app_init ] --START--
INFO: Run Behavior\BuildLiteBehavior [ RunTime:0.000010s ]
INFO: [ app_init ] --END-- [ RunTime:0.000322s ]
INFO: [ app_begin ] --START--
INFO: Run Behavior\ReadHtmlCacheBehavior [ RunTime:0.000353s ]
INFO: [ app_begin ] --END-- [ RunTime:0.000390s ]
SQL: SHOW COLUMNS FROM `memberaccount` [ RunTime:0.0033s ]
SQL: select userid from memberaccount where account = 'haohan' [ RunTime:0.0006s ]
SQL: select userid from memberaccount where account = 'haohan' and password=password('aini1314') [ RunTime:0.0004s ]
INFO: [ app_end ] --START--
INFO: Run Behavior\ShowPageTraceBehavior [ RunTime:0.000497s ]
INFO: [ app_end ] --END-- [ RunTime:0.000531s ]

[ 2016-04-06T16:14:59+08:00 ] 127.0.0.1 /index.php?m=Account&f=isLogin
INFO: [ app_init ] --START--
INFO: Run Behavior\BuildLiteBehavior [ RunTime:0.000012s ]
INFO: [ app_init ] --END-- [ RunTime:0.000285s ]
INFO: [ app_begin ] --START--
INFO: Run Behavior\ReadHtmlCacheBehavior [ RunTime:0.000317s ]
INFO: [ app_begin ] --END-- [ RunTime:0.000349s ]

[ 2016-04-06T16:15:49+08:00 ] 127.0.0.1 /index.php?m=Account&f=login
INFO: [ app_init ] --START--
INFO: Run Behavior\BuildLiteBehavior [ RunTime:0.000010s ]
INFO: [ app_init ] --END-- [ RunTime:0.000356s ]
INFO: [ app_begin ] --START--
INFO: Run Behavior\ReadHtmlCacheBehavior [ RunTime:0.000367s ]
INFO: [ app_begin ] --END-- [ RunTime:0.000401s ]
SQL: SHOW COLUMNS FROM `memberaccount` [ RunTime:0.0030s ]
SQL: select userid from memberaccount where account = 'haohan' [ RunTime:0.0006s ]
SQL: select userid from memberaccount where account = 'haohan' and password=password('aini1314') [ RunTime:0.0004s ]
INFO: [ app_end ] --START--
INFO: Run Behavior\ShowPageTraceBehavior [ RunTime:0.000410s ]
INFO: [ app_end ] --END-- [ RunTime:0.000445s ]

[ 2016-04-06T16:15:51+08:00 ] 127.0.0.1 /index.php?m=Account&f=isLogin
INFO: [ app_init ] --START--
INFO: Run Behavior\BuildLiteBehavior [ RunTime:0.000011s ]
INFO: [ app_init ] --END-- [ RunTime:0.000300s ]
INFO: [ app_begin ] --START--
INFO: Run Behavior\ReadHtmlCacheBehavior [ RunTime:0.000372s ]
INFO: [ app_begin ] --END-- [ RunTime:0.000418s ]

[ 2016-04-06T16:39:07+08:00 ] 127.0.0.1 /index.php?m=Account&f=login
INFO: [ app_init ] --START--
INFO: Run Behavior\BuildLiteBehavior [ RunTime:0.000012s ]
INFO: [ app_init ] --END-- [ RunTime:0.000344s ]
INFO: [ app_begin ] --START--
INFO: Run Behavior\ReadHtmlCacheBehavior [ RunTime:0.000413s ]
INFO: [ app_begin ] --END-- [ RunTime:0.000455s ]
SQL: SHOW COLUMNS FROM `memberaccount` [ RunTime:0.0038s ]
SQL: select userid from memberaccount where account = 'haohan' [ RunTime:0.0003s ]
SQL: select userid from memberaccount where account = 'haohan' and password=password('aini1314') [ RunTime:0.0002s ]
INFO: [ app_end ] --START--
INFO: Run Behavior\ShowPageTraceBehavior [ RunTime:0.000449s ]
INFO: [ app_end ] --END-- [ RunTime:0.000484s ]

[ 2016-04-06T16:39:09+08:00 ] 127.0.0.1 /index.php?m=Account&f=isLogin
INFO: [ app_init ] --START--
INFO: Run Behavior\BuildLiteBehavior [ RunTime:0.000032s ]
INFO: [ app_init ] --END-- [ RunTime:0.000632s ]
INFO: [ app_begin ] --START--
INFO: Run Behavior\ReadHtmlCacheBehavior [ RunTime:0.000449s ]
INFO: [ app_begin ] --END-- [ RunTime:0.000509s ]

[ 2016-04-06T16:45:43+08:00 ] 127.0.0.1 /index.php?m=Account&f=login
INFO: [ app_init ] --START--
INFO: Run Behavior\BuildLiteBehavior [ RunTime:0.000010s ]
INFO: [ app_init ] --END-- [ RunTime:0.000298s ]
INFO: [ app_begin ] --START--
INFO: Run Behavior\ReadHtmlCacheBehavior [ RunTime:0.000356s ]
INFO: [ app_begin ] --END-- [ RunTime:0.000392s ]
SQL: SHOW COLUMNS FROM `memberaccount` [ RunTime:0.0030s ]
SQL: select userid from memberaccount where account = 'haohan' [ RunTime:0.0004s ]
SQL: select userid from memberaccount where account = 'haohan' and password=password('aini1314') [ RunTime:0.0003s ]
NOTIC: [8] A session had already been started - ignoring session_start() D:\Workspace\shopping\ThinkPHP\Common\functions.php 第 1263 行.
INFO: [ app_end ] --START--
INFO: Run Behavior\ShowPageTraceBehavior [ RunTime:0.000459s ]
INFO: [ app_end ] --END-- [ RunTime:0.000496s ]

[ 2016-04-06T16:45:45+08:00 ] 127.0.0.1 /index.php?m=Account&f=isLogin
INFO: [ app_init ] --START--
INFO: Run Behavior\BuildLiteBehavior [ RunTime:0.000015s ]
INFO: [ app_init ] --END-- [ RunTime:0.000286s ]
INFO: [ app_begin ] --START--
INFO: Run Behavior\ReadHtmlCacheBehavior [ RunTime:0.000370s ]
INFO: [ app_begin ] --END-- [ RunTime:0.000416s ]

[ 2016-04-06T16:46:09+08:00 ] 127.0.0.1 /index.php?m=Account&f=login
INFO: [ app_init ] --START--
INFO: Run Behavior\BuildLiteBehavior [ RunTime:0.000011s ]
INFO: [ app_init ] --END-- [ RunTime:0.000240s ]
INFO: [ app_begin ] --START--
INFO: Run Behavior\ReadHtmlCacheBehavior [ RunTime:0.000320s ]
INFO: [ app_begin ] --END-- [ RunTime:0.000353s ]
SQL: SHOW COLUMNS FROM `memberaccount` [ RunTime:0.0035s ]
SQL: select userid from memberaccount where account = 'haohan' [ RunTime:0.0004s ]
SQL: select userid from memberaccount where account = 'haohan' and password=password('aini1314') [ RunTime:0.0005s ]
NOTIC: [8] A session had already been started - ignoring session_start() D:\Workspace\shopping\ThinkPHP\Common\functions.php 第 1263 行.
INFO: [ app_end ] --START--
INFO: Run Behavior\ShowPageTraceBehavior [ RunTime:0.000415s ]
INFO: [ app_end ] --END-- [ RunTime:0.000447s ]

[ 2016-04-06T16:46:10+08:00 ] 127.0.0.1 /index.php?m=Account&f=isLogin
INFO: [ app_init ] --START--
INFO: Run Behavior\BuildLiteBehavior [ RunTime:0.000019s ]
INFO: [ app_init ] --END-- [ RunTime:0.001018s ]
INFO: [ app_begin ] --START--
INFO: Run Behavior\ReadHtmlCacheBehavior [ RunTime:0.000348s ]
INFO: [ app_begin ] --END-- [ RunTime:0.000390s ]
NOTIC: [8] A session had already been started - ignoring session_start() D:\Workspace\shopping\ThinkPHP\Common\functions.php 第 1263 行.

[ 2016-04-06T16:51:48+08:00 ] 127.0.0.1 /index.php?m=Account&f=login
INFO: [ app_init ] --START--
INFO: Run Behavior\BuildLiteBehavior [ RunTime:0.000014s ]
INFO: [ app_init ] --END-- [ RunTime:0.000396s ]
INFO: [ app_begin ] --START--
INFO: Run Behavior\ReadHtmlCacheBehavior [ RunTime:0.000416s ]
INFO: [ app_begin ] --END-- [ RunTime:0.000460s ]
SQL: SHOW COLUMNS FROM `memberaccount` [ RunTime:0.0033s ]
SQL: select userid from memberaccount where account = 'haohan' [ RunTime:0.0006s ]
SQL: select userid from memberaccount where account = 'haohan' and password=password('aini1314') [ RunTime:0.0006s ]
NOTIC: [8] A session had already been started - ignoring session_start() D:\Workspace\shopping\ThinkPHP\Common\functions.php 第 1272 行.
INFO: [ app_end ] --START--
INFO: Run Behavior\ShowPageTraceBehavior [ RunTime:0.000681s ]
INFO: [ app_end ] --END-- [ RunTime:0.000761s ]

[ 2016-04-06T16:51:49+08:00 ] 127.0.0.1 /index.php?m=Account&f=isLogin
INFO: [ app_init ] --START--
INFO: Run Behavior\BuildLiteBehavior [ RunTime:0.000014s ]
INFO: [ app_init ] --END-- [ RunTime:0.000341s ]
INFO: [ app_begin ] --START--
INFO: Run Behavior\ReadHtmlCacheBehavior [ RunTime:0.000436s ]
INFO: [ app_begin ] --END-- [ RunTime:0.000482s ]

[ 2016-04-06T16:52:31+08:00 ] 127.0.0.1 /index.php?m=Account&f=login
INFO: [ app_init ] --START--
INFO: Run Behavior\BuildLiteBehavior [ RunTime:0.000015s ]
INFO: [ app_init ] --END-- [ RunTime:0.000374s ]
INFO: [ app_begin ] --START--
INFO: Run Behavior\ReadHtmlCacheBehavior [ RunTime:0.000437s ]
INFO: [ app_begin ] --END-- [ RunTime:0.000488s ]
SQL: SHOW COLUMNS FROM `memberaccount` [ RunTime:0.0033s ]
SQL: select userid from memberaccount where account = 'haohan' [ RunTime:0.0004s ]
SQL: select userid from memberaccount where account = 'haohan' and password=password('aini1314') [ RunTime:0.0003s ]
NOTIC: [8] A session had already been started - ignoring session_start() D:\Workspace\shopping\ThinkPHP\Common\functions.php 第 1272 行.
INFO: [ app_end ] --START--
INFO: Run Behavior\ShowPageTraceBehavior [ RunTime:0.000419s ]
INFO: [ app_end ] --END-- [ RunTime:0.000456s ]

[ 2016-04-06T16:52:33+08:00 ] 127.0.0.1 /index.php?m=Account&f=isLogin
INFO: [ app_init ] --START--
INFO: Run Behavior\BuildLiteBehavior [ RunTime:0.000012s ]
INFO: [ app_init ] --END-- [ RunTime:0.000355s ]
INFO: [ app_begin ] --START--
INFO: Run Behavior\ReadHtmlCacheBehavior [ RunTime:0.000316s ]
INFO: [ app_begin ] --END-- [ RunTime:0.000349s ]
NOTIC: [8] A session had already been started - ignoring session_start() D:\Workspace\shopping\ThinkPHP\Common\functions.php 第 1272 行.

[ 2016-04-06T16:54:33+08:00 ] 127.0.0.1 /index.php?m=Account&f=login
INFO: [ app_init ] --START--
INFO: Run Behavior\BuildLiteBehavior [ RunTime:0.000009s ]
INFO: [ app_init ] --END-- [ RunTime:0.000287s ]
INFO: [ app_begin ] --START--
INFO: Run Behavior\ReadHtmlCacheBehavior [ RunTime:0.000343s ]
INFO: [ app_begin ] --END-- [ RunTime:0.000376s ]
SQL: SHOW COLUMNS FROM `memberaccount` [ RunTime:0.0031s ]
SQL: select userid from memberaccount where account = 'haohan' [ RunTime:0.0004s ]
SQL: select userid from memberaccount where account = 'haohan' and password=password('aini1314') [ RunTime:0.0002s ]
NOTIC: [8] A session had already been started - ignoring session_start() D:\Workspace\shopping\ThinkPHP\Common\functions.php 第 1272 行.
INFO: [ app_end ] --START--
INFO: Run Behavior\ShowPageTraceBehavior [ RunTime:0.000416s ]
INFO: [ app_end ] --END-- [ RunTime:0.000446s ]

[ 2016-04-06T16:55:26+08:00 ] 127.0.0.1 /index.php?m=Account&f=isLogin
INFO: [ app_init ] --START--
INFO: Run Behavior\BuildLiteBehavior [ RunTime:0.000014s ]
INFO: [ app_init ] --END-- [ RunTime:0.000341s ]
INFO: [ app_begin ] --START--
INFO: Run Behavior\ReadHtmlCacheBehavior [ RunTime:0.000482s ]
INFO: [ app_begin ] --END-- [ RunTime:0.000541s ]

[ 2016-04-06T17:01:30+08:00 ] 127.0.0.1 /index.php?m=Account&f=login
INFO: [ app_init ] --START--
INFO: Run Behavior\BuildLiteBehavior [ RunTime:0.000015s ]
INFO: [ app_init ] --END-- [ RunTime:0.000375s ]
INFO: [ app_begin ] --START--
INFO: Run Behavior\ReadHtmlCacheBehavior [ RunTime:0.000484s ]
INFO: [ app_begin ] --END-- [ RunTime:0.000522s ]
SQL: SHOW COLUMNS FROM `memberaccount` [ RunTime:0.0035s ]
SQL: select userid from memberaccount where account = 'haohan' [ RunTime:0.0002s ]
SQL: select userid from memberaccount where account = 'haohan' and password=password('aini1314') [ RunTime:0.0003s ]
NOTIC: [8] A session had already been started - ignoring session_start() D:\Workspace\shopping\ThinkPHP\Common\functions.php 第 1272 行.
INFO: [ app_end ] --START--
INFO: Run Behavior\ShowPageTraceBehavior [ RunTime:0.000533s ]
INFO: [ app_end ] --END-- [ RunTime:0.000566s ]

[ 2016-04-06T17:01:31+08:00 ] 127.0.0.1 /index.php?m=Account&f=isLogin
INFO: [ app_init ] --START--
INFO: Run Behavior\BuildLiteBehavior [ RunTime:0.000017s ]
INFO: [ app_init ] --END-- [ RunTime:0.000673s ]
INFO: [ app_begin ] --START--
INFO: Run Behavior\ReadHtmlCacheBehavior [ RunTime:0.000635s ]
INFO: [ app_begin ] --END-- [ RunTime:0.000734s ]

[ 2016-04-06T17:02:19+08:00 ] 127.0.0.1 /index.php?m=Account&f=login
INFO: [ app_init ] --START--
INFO: Run Behavior\BuildLiteBehavior [ RunTime:0.000023s ]
INFO: [ app_init ] --END-- [ RunTime:0.000552s ]
INFO: [ app_begin ] --START--
INFO: Run Behavior\ReadHtmlCacheBehavior [ RunTime:0.000350s ]
INFO: [ app_begin ] --END-- [ RunTime:0.000387s ]
SQL: SHOW COLUMNS FROM `memberaccount` [ RunTime:0.0030s ]
SQL: select userid from memberaccount where account = 'haohan' [ RunTime:0.0004s ]
SQL: select userid from memberaccount where account = 'haohan' and password=password('aini1314') [ RunTime:0.0004s ]
NOTIC: [8] A session had already been started - ignoring session_start() D:\Workspace\shopping\ThinkPHP\Common\functions.php 第 1272 行.
INFO: [ app_end ] --START--
INFO: Run Behavior\ShowPageTraceBehavior [ RunTime:0.000434s ]
INFO: [ app_end ] --END-- [ RunTime:0.000498s ]

[ 2016-04-06T17:02:45+08:00 ] 127.0.0.1 /index.php?m=Account&f=login
INFO: [ app_init ] --START--
INFO: Run Behavior\BuildLiteBehavior [ RunTime:0.000012s ]
INFO: [ app_init ] --END-- [ RunTime:0.000341s ]
INFO: [ app_begin ] --START--
INFO: Run Behavior\ReadHtmlCacheBehavior [ RunTime:0.000369s ]
INFO: [ app_begin ] --END-- [ RunTime:0.000428s ]
SQL: SHOW COLUMNS FROM `memberaccount` [ RunTime:0.0030s ]
SQL: select userid from memberaccount where account = 'haohan' [ RunTime:0.0004s ]
SQL: select userid from memberaccount where account = 'haohan' and password=password('aini1314') [ RunTime:0.0004s ]
NOTIC: [8] A session had already been started - ignoring session_start() D:\Workspace\shopping\ThinkPHP\Common\functions.php 第 1272 行.
INFO: [ app_end ] --START--
INFO: Run Behavior\ShowPageTraceBehavior [ RunTime:0.000448s ]
INFO: [ app_end ] --END-- [ RunTime:0.000485s ]

[ 2016-04-06T17:03:31+08:00 ] 127.0.0.1 /index.php?m=Account&f=isLogin
INFO: [ app_init ] --START--
INFO: Run Behavior\BuildLiteBehavior [ RunTime:0.000009s ]
INFO: [ app_init ] --END-- [ RunTime:0.000260s ]
INFO: [ app_begin ] --START--
INFO: Run Behavior\ReadHtmlCacheBehavior [ RunTime:0.000342s ]
INFO: [ app_begin ] --END-- [ RunTime:0.000378s ]

[ 2016-04-06T17:03:48+08:00 ] 127.0.0.1 /index.php?m=Account&f=login
INFO: [ app_init ] --START--
INFO: Run Behavior\BuildLiteBehavior [ RunTime:0.000011s ]
INFO: [ app_init ] --END-- [ RunTime:0.000269s ]
INFO: [ app_begin ] --START--
INFO: Run Behavior\ReadHtmlCacheBehavior [ RunTime:0.000347s ]
INFO: [ app_begin ] --END-- [ RunTime:0.000386s ]
SQL: SHOW COLUMNS FROM `memberaccount` [ RunTime:0.0030s ]
SQL: select userid from memberaccount where account = 'haohan' [ RunTime:0.0003s ]
SQL: select userid from memberaccount where account = 'haohan' and password=password('aini1314') [ RunTime:0.0005s ]
NOTIC: [8] A session had already been started - ignoring session_start() D:\Workspace\shopping\ThinkPHP\Common\functions.php 第 1272 行.
INFO: [ app_end ] --START--
INFO: Run Behavior\ShowPageTraceBehavior [ RunTime:0.000645s ]
INFO: [ app_end ] --END-- [ RunTime:0.000740s ]

[ 2016-04-06T17:06:38+08:00 ] 127.0.0.1 /index.php?m=Account&f=login
INFO: [ app_init ] --START--
INFO: Run Behavior\BuildLiteBehavior [ RunTime:0.000009s ]
INFO: [ app_init ] --END-- [ RunTime:0.000267s ]
INFO: [ app_begin ] --START--
INFO: Run Behavior\ReadHtmlCacheBehavior [ RunTime:0.000478s ]
INFO: [ app_begin ] --END-- [ RunTime:0.000524s ]
SQL: SHOW COLUMNS FROM `memberaccount` [ RunTime:0.0033s ]
SQL: select userid from memberaccount where account = 'haohan' [ RunTime:0.0006s ]
SQL: select userid from memberaccount where account = 'haohan' and password=password('aini1314') [ RunTime:0.0007s ]
NOTIC: [8] A session had already been started - ignoring session_start() D:\Workspace\shopping\ThinkPHP\Common\functions.php 第 1272 行.
INFO: [ app_end ] --START--
INFO: Run Behavior\ShowPageTraceBehavior [ RunTime:0.001398s ]
INFO: [ app_end ] --END-- [ RunTime:0.001710s ]

[ 2016-04-06T17:06:47+08:00 ] 127.0.0.1 /index.php?m=Account&f=isLogin
INFO: [ app_init ] --START--
INFO: Run Behavior\BuildLiteBehavior [ RunTime:0.000009s ]
INFO: [ app_init ] --END-- [ RunTime:0.000314s ]
INFO: [ app_begin ] --START--
INFO: Run Behavior\ReadHtmlCacheBehavior [ RunTime:0.000311s ]
INFO: [ app_begin ] --END-- [ RunTime:0.000344s ]

[ 2016-04-06T17:07:51+08:00 ] 127.0.0.1 /index.php?m=Account&f=isLogin
INFO: [ app_init ] --START--
INFO: Run Behavior\BuildLiteBehavior [ RunTime:0.000009s ]
INFO: [ app_init ] --END-- [ RunTime:0.000298s ]
INFO: [ app_begin ] --START--
INFO: Run Behavior\ReadHtmlCacheBehavior [ RunTime:0.000466s ]
INFO: [ app_begin ] --END-- [ RunTime:0.000512s ]

[ 2016-04-06T17:08:16+08:00 ] 127.0.0.1 /index.php?m=Account&f=login
INFO: [ app_init ] --START--
INFO: Run Behavior\BuildLiteBehavior [ RunTime:0.000010s ]
INFO: [ app_init ] --END-- [ RunTime:0.000283s ]
INFO: [ app_begin ] --START--
INFO: Run Behavior\ReadHtmlCacheBehavior [ RunTime:0.000330s ]
INFO: [ app_begin ] --END-- [ RunTime:0.000370s ]
SQL: SHOW COLUMNS FROM `memberaccount` [ RunTime:0.0032s ]
SQL: select userid from memberaccount where account = 'haohan' [ RunTime:0.0006s ]
SQL: select userid from memberaccount where account = 'haohan' and password=password('aini1314') [ RunTime:0.0003s ]
NOTIC: [8] A session had already been started - ignoring session_start() D:\Workspace\shopping\ThinkPHP\Common\functions.php 第 1272 行.
INFO: [ app_end ] --START--
INFO: Run Behavior\ShowPageTraceBehavior [ RunTime:0.000475s ]
INFO: [ app_end ] --END-- [ RunTime:0.000514s ]

[ 2016-04-06T17:08:18+08:00 ] 127.0.0.1 /index.php?m=Account&f=isLogin
INFO: [ app_init ] --START--
INFO: Run Behavior\BuildLiteBehavior [ RunTime:0.000012s ]
INFO: [ app_init ] --END-- [ RunTime:0.000370s ]
INFO: [ app_begin ] --START--
INFO: Run Behavior\ReadHtmlCacheBehavior [ RunTime:0.000583s ]
INFO: [ app_begin ] --END-- [ RunTime:0.000649s ]

[ 2016-04-06T17:12:24+08:00 ] 127.0.0.1 /index.php?m=Account&f=isLogin
INFO: [ app_init ] --START--
INFO: Run Behavior\BuildLiteBehavior [ RunTime:0.000011s ]
INFO: [ app_init ] --END-- [ RunTime:0.000324s ]
INFO: [ app_begin ] --START--
INFO: Run Behavior\ReadHtmlCacheBehavior [ RunTime:0.000436s ]
INFO: [ app_begin ] --END-- [ RunTime:0.000473s ]

[ 2016-04-06T17:12:43+08:00 ] 127.0.0.1 /index.php?m=Account&f=login
INFO: [ app_init ] --START--
INFO: Run Behavior\BuildLiteBehavior [ RunTime:0.000010s ]
INFO: [ app_init ] --END-- [ RunTime:0.000347s ]
INFO: [ app_begin ] --START--
INFO: Run Behavior\ReadHtmlCacheBehavior [ RunTime:0.000269s ]
INFO: [ app_begin ] --END-- [ RunTime:0.000301s ]
SQL: SHOW COLUMNS FROM `memberaccount` [ RunTime:0.0033s ]
SQL: select userid from memberaccount where account = 'haohan' [ RunTime:0.0004s ]
SQL: select userid from memberaccount where account = 'haohan' and password=password('aini1314') [ RunTime:0.0004s ]
NOTIC: [8] A session had already been started - ignoring session_start() D:\Workspace\shopping\ThinkPHP\Common\functions.php 第 1272 行.
INFO: [ app_end ] --START--
INFO: Run Behavior\ShowPageTraceBehavior [ RunTime:0.000853s ]
INFO: [ app_end ] --END-- [ RunTime:0.000909s ]

[ 2016-04-06T17:12:45+08:00 ] 127.0.0.1 /index.php?m=Account&f=isLogin
INFO: [ app_init ] --START--
INFO: Run Behavior\BuildLiteBehavior [ RunTime:0.000019s ]
INFO: [ app_init ] --END-- [ RunTime:0.000650s ]
INFO: [ app_begin ] --START--
INFO: Run Behavior\ReadHtmlCacheBehavior [ RunTime:0.001272s ]
INFO: [ app_begin ] --END-- [ RunTime:0.001402s ]

[ 2016-04-06T17:14:46+08:00 ] 127.0.0.1 /index.php?m=Account&f=login
INFO: [ app_init ] --START--
INFO: Run Behavior\BuildLiteBehavior [ RunTime:0.000009s ]
INFO: [ app_init ] --END-- [ RunTime:0.000407s ]
INFO: [ app_begin ] --START--
INFO: Run Behavior\ReadHtmlCacheBehavior [ RunTime:0.000415s ]
INFO: [ app_begin ] --END-- [ RunTime:0.000503s ]
SQL: SHOW COLUMNS FROM `memberaccount` [ RunTime:0.0047s ]
SQL: select userid from memberaccount where account = 'haohan' [ RunTime:0.0002s ]
SQL: select userid from memberaccount where account = 'haohan' and password=password('aini1314') [ RunTime:0.0002s ]
INFO: [ app_end ] --START--
INFO: Run Behavior\ShowPageTraceBehavior [ RunTime:0.000450s ]
INFO: [ app_end ] --END-- [ RunTime:0.000496s ]

[ 2016-04-06T17:14:48+08:00 ] 127.0.0.1 /index.php?m=Account&f=isLogin
INFO: [ app_init ] --START--
INFO: Run Behavior\BuildLiteBehavior [ RunTime:0.000025s ]
INFO: [ app_init ] --END-- [ RunTime:0.000283s ]
INFO: [ app_begin ] --START--
INFO: Run Behavior\ReadHtmlCacheBehavior [ RunTime:0.000458s ]
INFO: [ app_begin ] --END-- [ RunTime:0.000521s ]

[ 2016-04-06T17:15:03+08:00 ] 127.0.0.1 /index.php?m=Account&f=isLogin
INFO: [ app_init ] --START--
INFO: Run Behavior\BuildLiteBehavior [ RunTime:0.000009s ]
INFO: [ app_init ] --END-- [ RunTime:0.000228s ]
INFO: [ app_begin ] --START--
INFO: Run Behavior\ReadHtmlCacheBehavior [ RunTime:0.000272s ]
INFO: [ app_begin ] --END-- [ RunTime:0.000305s ]

[ 2016-04-06T17:15:40+08:00 ] 127.0.0.1 /index.php?m=Account&f=login
INFO: [ app_init ] --START--
INFO: Run Behavior\BuildLiteBehavior [ RunTime:0.000010s ]
INFO: [ app_init ] --END-- [ RunTime:0.000279s ]
INFO: [ app_begin ] --START--
INFO: Run Behavior\ReadHtmlCacheBehavior [ RunTime:0.000310s ]
INFO: [ app_begin ] --END-- [ RunTime:0.000344s ]
SQL: SHOW COLUMNS FROM `memberaccount` [ RunTime:0.0034s ]
SQL: select userid from memberaccount where account = 'haohan' [ RunTime:0.0003s ]
SQL: select userid from memberaccount where account = 'haohan' and password=password('aini1314') [ RunTime:0.0002s ]
INFO: [ app_end ] --START--
INFO: Run Behavior\ShowPageTraceBehavior [ RunTime:0.000553s ]
INFO: [ app_end ] --END-- [ RunTime:0.000611s ]

[ 2016-04-06T17:16:17+08:00 ] 127.0.0.1 /index.php?m=Account&f=login
INFO: [ app_init ] --START--
INFO: Run Behavior\BuildLiteBehavior [ RunTime:0.000010s ]
INFO: [ app_init ] --END-- [ RunTime:0.000288s ]
INFO: [ app_begin ] --START--
INFO: Run Behavior\ReadHtmlCacheBehavior [ RunTime:0.000330s ]
INFO: [ app_begin ] --END-- [ RunTime:0.000373s ]
SQL: SHOW COLUMNS FROM `memberaccount` [ RunTime:0.0029s ]
SQL: select userid from memberaccount where account = 'haohan' [ RunTime:0.0006s ]
SQL: select userid from memberaccount where account = 'haohan' and password=password('aini1314') [ RunTime:0.0006s ]
INFO: [ app_end ] --START--
INFO: Run Behavior\ShowPageTraceBehavior [ RunTime:0.000441s ]
INFO: [ app_end ] --END-- [ RunTime:0.000485s ]

[ 2016-04-06T17:22:14+08:00 ] 127.0.0.1 /index.php?m=Account&f=login
INFO: [ app_init ] --START--
INFO: Run Behavior\BuildLiteBehavior [ RunTime:0.000012s ]
INFO: [ app_init ] --END-- [ RunTime:0.000386s ]
INFO: [ app_begin ] --START--
INFO: Run Behavior\ReadHtmlCacheBehavior [ RunTime:0.000464s ]
INFO: [ app_begin ] --END-- [ RunTime:0.000501s ]
SQL: SHOW COLUMNS FROM `memberaccount` [ RunTime:0.0037s ]
SQL: select userid from memberaccount where account = 'haohan' [ RunTime:0.0006s ]
SQL: select userid from memberaccount where account = 'haohan' and password=password('aini1314') [ RunTime:0.0003s ]
INFO: [ app_end ] --START--
INFO: Run Behavior\ShowPageTraceBehavior [ RunTime:0.000582s ]
INFO: [ app_end ] --END-- [ RunTime:0.000627s ]

[ 2016-04-06T17:22:16+08:00 ] 127.0.0.1 /index.php?m=Account&f=isLogin
INFO: [ app_init ] --START--
INFO: Run Behavior\BuildLiteBehavior [ RunTime:0.000017s ]
INFO: [ app_init ] --END-- [ RunTime:0.000414s ]
INFO: [ app_begin ] --START--
INFO: Run Behavior\ReadHtmlCacheBehavior [ RunTime:0.000435s ]
INFO: [ app_begin ] --END-- [ RunTime:0.000493s ]

[ 2016-04-06T17:22:27+08:00 ] 127.0.0.1 /index.php?m=Account&f=isLogin
INFO: [ app_init ] --START--
INFO: Run Behavior\BuildLiteBehavior [ RunTime:0.000018s ]
INFO: [ app_init ] --END-- [ RunTime:0.000381s ]
INFO: [ app_begin ] --START--
INFO: Run Behavior\ReadHtmlCacheBehavior [ RunTime:0.000621s ]
INFO: [ app_begin ] --END-- [ RunTime:0.000702s ]

[ 2016-04-06T17:28:25+08:00 ] 127.0.0.1 /index.php?m=Account&f=login
INFO: [ app_init ] --START--
INFO: Run Behavior\BuildLiteBehavior [ RunTime:0.000009s ]
INFO: [ app_init ] --END-- [ RunTime:0.000306s ]
INFO: [ app_begin ] --START--
INFO: Run Behavior\ReadHtmlCacheBehavior [ RunTime:0.000427s ]
INFO: [ app_begin ] --END-- [ RunTime:0.000476s ]
NOTIC: [8] A session had already been started - ignoring session_start() D:\Workspace\shopping\ThinkPHP\Common\functions.php 第 1272 行.
SQL: SHOW COLUMNS FROM `memberaccount` [ RunTime:0.0031s ]
SQL: select userid from memberaccount where account = 'haohan' [ RunTime:0.0002s ]
SQL: select userid from memberaccount where account = 'haohan' and password=password('aini1314') [ RunTime:0.0003s ]
INFO: [ app_end ] --START--
INFO: Run Behavior\ShowPageTraceBehavior [ RunTime:0.000528s ]
INFO: [ app_end ] --END-- [ RunTime:0.000588s ]

[ 2016-04-06T17:28:26+08:00 ] 127.0.0.1 /index.php?m=Account&f=isLogin
INFO: [ app_init ] --START--
INFO: Run Behavior\BuildLiteBehavior [ RunTime:0.000009s ]
INFO: [ app_init ] --END-- [ RunTime:0.000336s ]
INFO: [ app_begin ] --START--
INFO: Run Behavior\ReadHtmlCacheBehavior [ RunTime:0.000487s ]
INFO: [ app_begin ] --END-- [ RunTime:0.000553s ]
NOTIC: [8] A session had already been started - ignoring session_start() D:\Workspace\shopping\ThinkPHP\Common\functions.php 第 1272 行.

[ 2016-04-06T17:29:07+08:00 ] 127.0.0.1 /index.php?m=Account&f=isLogin
INFO: [ app_init ] --START--
INFO: Run Behavior\BuildLiteBehavior [ RunTime:0.000010s ]
INFO: [ app_init ] --END-- [ RunTime:0.000228s ]
INFO: [ app_begin ] --START--
INFO: Run Behavior\ReadHtmlCacheBehavior [ RunTime:0.000321s ]
INFO: [ app_begin ] --END-- [ RunTime:0.000355s ]

[ 2016-04-06T17:29:17+08:00 ] 127.0.0.1 /index.php?m=Account&f=login
INFO: [ app_init ] --START--
INFO: Run Behavior\BuildLiteBehavior [ RunTime:0.000009s ]
INFO: [ app_init ] --END-- [ RunTime:0.000363s ]
INFO: [ app_begin ] --START--
INFO: Run Behavior\ReadHtmlCacheBehavior [ RunTime:0.000340s ]
INFO: [ app_begin ] --END-- [ RunTime:0.000373s ]
SQL: SHOW COLUMNS FROM `memberaccount` [ RunTime:0.0027s ]
SQL: select userid from memberaccount where account = 'haohan' [ RunTime:0.0004s ]
SQL: select userid from memberaccount where account = 'haohan' and password=password('aini1314') [ RunTime:0.0004s ]
INFO: [ app_end ] --START--
INFO: Run Behavior\ShowPageTraceBehavior [ RunTime:0.000390s ]
INFO: [ app_end ] --END-- [ RunTime:0.000427s ]

[ 2016-04-06T17:29:18+08:00 ] 127.0.0.1 /index.php?m=Account&f=isLogin
INFO: [ app_init ] --START--
INFO: Run Behavior\BuildLiteBehavior [ RunTime:0.000012s ]
INFO: [ app_init ] --END-- [ RunTime:0.000273s ]
INFO: [ app_begin ] --START--
INFO: Run Behavior\ReadHtmlCacheBehavior [ RunTime:0.000420s ]
INFO: [ app_begin ] --END-- [ RunTime:0.000481s ]

[ 2016-04-06T17:36:09+08:00 ] 127.0.0.1 /index.php?m=Account&f=login
INFO: [ app_init ] --START--
INFO: Run Behavior\BuildLiteBehavior [ RunTime:0.000008s ]
INFO: [ app_init ] --END-- [ RunTime:0.000262s ]
INFO: [ app_begin ] --START--
INFO: Run Behavior\ReadHtmlCacheBehavior [ RunTime:0.000341s ]
INFO: [ app_begin ] --END-- [ RunTime:0.000412s ]
SQL: SHOW COLUMNS FROM `memberaccount` [ RunTime:0.0039s ]
SQL: select userid from memberaccount where account = 'haohan' [ RunTime:0.0004s ]
SQL: select userid from memberaccount where account = 'haohan' and password=password('aini1314') [ RunTime:0.0004s ]
INFO: [ app_end ] --START--
INFO: Run Behavior\ShowPageTraceBehavior [ RunTime:0.000602s ]
INFO: [ app_end ] --END-- [ RunTime:0.000647s ]

[ 2016-04-06T17:36:11+08:00 ] 127.0.0.1 /index.php?m=Account&f=isLogin
INFO: [ app_init ] --START--
INFO: Run Behavior\BuildLiteBehavior [ RunTime:0.000012s ]
INFO: [ app_init ] --END-- [ RunTime:0.000319s ]
INFO: [ app_begin ] --START--
INFO: Run Behavior\ReadHtmlCacheBehavior [ RunTime:0.000382s ]
INFO: [ app_begin ] --END-- [ RunTime:0.000439s ]

[ 2016-04-06T17:36:45+08:00 ] 127.0.0.1 /index.php?m=Account&f=isLogin
INFO: [ app_init ] --START--
INFO: Run Behavior\BuildLiteBehavior [ RunTime:0.000010s ]
INFO: [ app_init ] --END-- [ RunTime:0.000266s ]
INFO: [ app_begin ] --START--
INFO: Run Behavior\ReadHtmlCacheBehavior [ RunTime:0.000451s ]
INFO: [ app_begin ] --END-- [ RunTime:0.000493s ]

[ 2016-04-06T17:37:10+08:00 ] 127.0.0.1 /index.php?m=Account&f=login
INFO: [ app_init ] --START--
INFO: Run Behavior\BuildLiteBehavior [ RunTime:0.000013s ]
INFO: [ app_init ] --END-- [ RunTime:0.000441s ]
INFO: [ app_begin ] --START--
INFO: Run Behavior\ReadHtmlCacheBehavior [ RunTime:0.000433s ]
INFO: [ app_begin ] --END-- [ RunTime:0.000480s ]
SQL: SHOW COLUMNS FROM `memberaccount` [ RunTime:0.0036s ]
SQL: select userid from memberaccount where account = 'haohan' [ RunTime:0.0009s ]
SQL: select userid from memberaccount where account = 'haohan' and password=password('aini1314') [ RunTime:0.0006s ]
INFO: [ app_end ] --START--
INFO: Run Behavior\ShowPageTraceBehavior [ RunTime:0.000491s ]
INFO: [ app_end ] --END-- [ RunTime:0.000546s ]

[ 2016-04-06T17:37:19+08:00 ] 127.0.0.1 /index.php?m=Account&f=isLogin
INFO: [ app_init ] --START--
INFO: Run Behavior\BuildLiteBehavior [ RunTime:0.000023s ]
INFO: [ app_init ] --END-- [ RunTime:0.000521s ]
INFO: [ app_begin ] --START--
INFO: Run Behavior\ReadHtmlCacheBehavior [ RunTime:0.000550s ]
INFO: [ app_begin ] --END-- [ RunTime:0.000612s ]

[ 2016-04-06T17:39:48+08:00 ] 127.0.0.1 /index.php?m=Account&f=login
INFO: [ app_init ] --START--
INFO: Run Behavior\BuildLiteBehavior [ RunTime:0.000010s ]
INFO: [ app_init ] --END-- [ RunTime:0.000261s ]
INFO: [ app_begin ] --START--
INFO: Run Behavior\ReadHtmlCacheBehavior [ RunTime:0.000358s ]
INFO: [ app_begin ] --END-- [ RunTime:0.000392s ]
SQL: SHOW COLUMNS FROM `memberaccount` [ RunTime:0.0038s ]
SQL: select userid from memberaccount where account = 'haohan' [ RunTime:0.0003s ]
SQL: select userid from memberaccount where account = 'haohan' and password=password('aini1314') [ RunTime:0.0002s ]
INFO: [ app_end ] --START--
INFO: Run Behavior\ShowPageTraceBehavior [ RunTime:0.000481s ]
INFO: [ app_end ] --END-- [ RunTime:0.000519s ]

[ 2016-04-06T17:39:49+08:00 ] 127.0.0.1 /index.php?m=Account&f=isLogin
INFO: [ app_init ] --START--
INFO: Run Behavior\BuildLiteBehavior [ RunTime:0.000013s ]
INFO: [ app_init ] --END-- [ RunTime:0.000311s ]
INFO: [ app_begin ] --START--
INFO: Run Behavior\ReadHtmlCacheBehavior [ RunTime:0.000365s ]
INFO: [ app_begin ] --END-- [ RunTime:0.000408s ]
NOTIC: [8] Undefined variable: _SESSION D:\Workspace\shopping\Application\Home\Controller\AccountController.class.php 第 37 行.

[ 2016-04-06T17:40:54+08:00 ] 127.0.0.1 /index.php?m=Account&f=isLogin
INFO: [ app_init ] --START--
INFO: Run Behavior\BuildLiteBehavior [ RunTime:0.000015s ]
INFO: [ app_init ] --END-- [ RunTime:0.000503s ]
INFO: [ app_begin ] --START--
INFO: Run Behavior\ReadHtmlCacheBehavior [ RunTime:0.000553s ]
INFO: [ app_begin ] --END-- [ RunTime:0.000641s ]
NOTIC: [8] Undefined variable: _SESSION D:\Workspace\shopping\Application\Home\Controller\AccountController.class.php 第 37 行.

[ 2016-04-06T17:41:19+08:00 ] 127.0.0.1 /index.php?m=Account&f=login
INFO: [ app_init ] --START--
INFO: Run Behavior\BuildLiteBehavior [ RunTime:0.000009s ]
INFO: [ app_init ] --END-- [ RunTime:0.000262s ]
INFO: [ app_begin ] --START--
INFO: Run Behavior\ReadHtmlCacheBehavior [ RunTime:0.000393s ]
INFO: [ app_begin ] --END-- [ RunTime:0.000468s ]
SQL: SHOW COLUMNS FROM `memberaccount` [ RunTime:0.0029s ]
SQL: select userid from memberaccount where account = 'haohan' [ RunTime:0.0005s ]
SQL: select userid from memberaccount where account = 'haohan' and password=password('aini1314') [ RunTime:0.0002s ]
INFO: [ app_end ] --START--
INFO: Run Behavior\ShowPageTraceBehavior [ RunTime:0.000409s ]
INFO: [ app_end ] --END-- [ RunTime:0.000450s ]

[ 2016-04-06T17:41:23+08:00 ] 127.0.0.1 /index.php?m=Account&f=isLogin
INFO: [ app_init ] --START--
INFO: Run Behavior\BuildLiteBehavior [ RunTime:0.000011s ]
INFO: [ app_init ] --END-- [ RunTime:0.000325s ]
INFO: [ app_begin ] --START--
INFO: Run Behavior\ReadHtmlCacheBehavior [ RunTime:0.000365s ]
INFO: [ app_begin ] --END-- [ RunTime:0.000423s ]
NOTIC: [8] Undefined variable: _SESSION D:\Workspace\shopping\Application\Home\Controller\AccountController.class.php 第 37 行.

[ 2016-04-06T17:42:07+08:00 ] 127.0.0.1 /index.php?m=Account&f=isLogin
INFO: [ app_init ] --START--
INFO: Run Behavior\BuildLiteBehavior [ RunTime:0.000011s ]
INFO: [ app_init ] --END-- [ RunTime:0.000506s ]
INFO: [ app_begin ] --START--
INFO: Run Behavior\ReadHtmlCacheBehavior [ RunTime:0.000440s ]
INFO: [ app_begin ] --END-- [ RunTime:0.000486s ]

[ 2016-04-06T17:43:25+08:00 ] 127.0.0.1 /index.php?m=Account&f=isLogin
INFO: [ app_init ] --START--
INFO: Run Behavior\BuildLiteBehavior [ RunTime:0.000009s ]
INFO: [ app_init ] --END-- [ RunTime:0.000295s ]
INFO: [ app_begin ] --START--
INFO: Run Behavior\ReadHtmlCacheBehavior [ RunTime:0.000421s ]
INFO: [ app_begin ] --END-- [ RunTime:0.000464s ]
NOTIC: [8] Undefined variable: _SESSION D:\Workspace\shopping\Application\Home\Controller\AccountController.class.php 第 37 行.

[ 2016-04-06T17:43:36+08:00 ] 127.0.0.1 /index.php?m=Account&f=login
INFO: [ app_init ] --START--
INFO: Run Behavior\BuildLiteBehavior [ RunTime:0.000010s ]
INFO: [ app_init ] --END-- [ RunTime:0.000226s ]
INFO: [ app_begin ] --START--
INFO: Run Behavior\ReadHtmlCacheBehavior [ RunTime:0.000348s ]
INFO: [ app_begin ] --END-- [ RunTime:0.000383s ]
SQL: SHOW COLUMNS FROM `memberaccount` [ RunTime:0.0032s ]
SQL: select userid from memberaccount where account = 'haohan' [ RunTime:0.0003s ]
SQL: select userid from memberaccount where account = 'haohan' and password=password('aini1314') [ RunTime:0.0003s ]
INFO: [ app_end ] --START--
INFO: Run Behavior\ShowPageTraceBehavior [ RunTime:0.000580s ]
INFO: [ app_end ] --END-- [ RunTime:0.000640s ]

[ 2016-04-06T17:43:37+08:00 ] 127.0.0.1 /index.php?m=Account&f=isLogin
INFO: [ app_init ] --START--
INFO: Run Behavior\BuildLiteBehavior [ RunTime:0.000010s ]
INFO: [ app_init ] --END-- [ RunTime:0.000376s ]
INFO: [ app_begin ] --START--
INFO: Run Behavior\ReadHtmlCacheBehavior [ RunTime:0.000385s ]
INFO: [ app_begin ] --END-- [ RunTime:0.000447s ]
NOTIC: [8] Undefined variable: _SESSION D:\Workspace\shopping\Application\Home\Controller\AccountController.class.php 第 37 行.

[ 2016-04-06T17:43:53+08:00 ] 127.0.0.1 /index.php?m=Account&f=isLogin
INFO: [ app_init ] --START--
INFO: Run Behavior\BuildLiteBehavior [ RunTime:0.000020s ]
INFO: [ app_init ] --END-- [ RunTime:0.000257s ]
INFO: [ app_begin ] --START--
INFO: Run Behavior\ReadHtmlCacheBehavior [ RunTime:0.000415s ]
INFO: [ app_begin ] --END-- [ RunTime:0.000467s ]
NOTIC: [8] Undefined index: login D:\Workspace\shopping\Application\Home\Controller\AccountController.class.php 第 38 行.

[ 2016-04-06T17:44:07+08:00 ] 127.0.0.1 /index.php?m=Account&f=login
INFO: [ app_init ] --START--
INFO: Run Behavior\BuildLiteBehavior [ RunTime:0.000013s ]
INFO: [ app_init ] --END-- [ RunTime:0.000347s ]
INFO: [ app_begin ] --START--
INFO: Run Behavior\ReadHtmlCacheBehavior [ RunTime:0.000401s ]
INFO: [ app_begin ] --END-- [ RunTime:0.000449s ]
SQL: SHOW COLUMNS FROM `memberaccount` [ RunTime:0.0038s ]
SQL: select userid from memberaccount where account = 'haohan' [ RunTime:0.0003s ]
SQL: select userid from memberaccount where account = 'haohan' and password=password('aini1314') [ RunTime:0.0003s ]
INFO: [ app_end ] --START--
INFO: Run Behavior\ShowPageTraceBehavior [ RunTime:0.000727s ]
INFO: [ app_end ] --END-- [ RunTime:0.000811s ]

[ 2016-04-06T17:44:10+08:00 ] 127.0.0.1 /index.php?m=Account&f=isLogin
INFO: [ app_init ] --START--
INFO: Run Behavior\BuildLiteBehavior [ RunTime:0.000011s ]
INFO: [ app_init ] --END-- [ RunTime:0.000298s ]
INFO: [ app_begin ] --START--
INFO: Run Behavior\ReadHtmlCacheBehavior [ RunTime:0.000537s ]
INFO: [ app_begin ] --END-- [ RunTime:0.000590s ]
NOTIC: [8] Undefined index: login D:\Workspace\shopping\Application\Home\Controller\AccountController.class.php 第 38 行.

[ 2016-04-06T17:44:54+08:00 ] 127.0.0.1 /index.php?m=Account&f=isLogin
INFO: [ app_init ] --START--
INFO: Run Behavior\BuildLiteBehavior [ RunTime:0.000010s ]
INFO: [ app_init ] --END-- [ RunTime:0.000296s ]
INFO: [ app_begin ] --START--
INFO: Run Behavior\ReadHtmlCacheBehavior [ RunTime:0.000312s ]
INFO: [ app_begin ] --END-- [ RunTime:0.000344s ]
NOTIC: [8] Undefined index: login D:\Workspace\shopping\Application\Home\Controller\AccountController.class.php 第 38 行.

[ 2016-04-06T17:45:05+08:00 ] 127.0.0.1 /index.php?m=Account&f=login
INFO: [ app_init ] --START--
INFO: Run Behavior\BuildLiteBehavior [ RunTime:0.000018s ]
INFO: [ app_init ] --END-- [ RunTime:0.000248s ]
INFO: [ app_begin ] --START--
INFO: Run Behavior\ReadHtmlCacheBehavior [ RunTime:0.000458s ]
INFO: [ app_begin ] --END-- [ RunTime:0.000499s ]
SQL: SHOW COLUMNS FROM `memberaccount` [ RunTime:0.0029s ]
SQL: select userid from memberaccount where account = 'haohan' [ RunTime:0.0003s ]
SQL: select userid from memberaccount where account = 'haohan' and password=password('aini1314') [ RunTime:0.0003s ]
INFO: [ app_end ] --START--
INFO: Run Behavior\ShowPageTraceBehavior [ RunTime:0.000515s ]
INFO: [ app_end ] --END-- [ RunTime:0.000558s ]

[ 2016-04-06T17:45:09+08:00 ] 127.0.0.1 /index.php?m=Account&f=isLogin
INFO: [ app_init ] --START--
INFO: Run Behavior\BuildLiteBehavior [ RunTime:0.000012s ]
INFO: [ app_init ] --END-- [ RunTime:0.000297s ]
INFO: [ app_begin ] --START--
INFO: Run Behavior\ReadHtmlCacheBehavior [ RunTime:0.000336s ]
INFO: [ app_begin ] --END-- [ RunTime:0.000380s ]
NOTIC: [8] Undefined index: login D:\Workspace\shopping\Application\Home\Controller\AccountController.class.php 第 38 行.

[ 2016-04-06T17:52:06+08:00 ] 127.0.0.1 /index.php?m=Account&f=login
INFO: [ app_init ] --START--
INFO: Run Behavior\BuildLiteBehavior [ RunTime:0.000011s ]
INFO: [ app_init ] --END-- [ RunTime:0.000320s ]
INFO: [ app_begin ] --START--
INFO: Run Behavior\ReadHtmlCacheBehavior [ RunTime:0.000407s ]
INFO: [ app_begin ] --END-- [ RunTime:0.000446s ]
SQL: SHOW COLUMNS FROM `memberaccount` [ RunTime:0.0035s ]
SQL: select userid from memberaccount where account = 'haohan' [ RunTime:0.0007s ]
SQL: select userid from memberaccount where account = 'haohan' and password=password('aini1314') [ RunTime:0.0005s ]
INFO: [ app_end ] --START--
INFO: Run Behavior\ShowPageTraceBehavior [ RunTime:0.000591s ]
INFO: [ app_end ] --END-- [ RunTime:0.000638s ]

[ 2016-04-06T17:52:46+08:00 ] 127.0.0.1 /index.php?m=Account&f=isLogin
INFO: [ app_init ] --START--
INFO: Run Behavior\BuildLiteBehavior [ RunTime:0.000010s ]
INFO: [ app_init ] --END-- [ RunTime:0.000272s ]
INFO: [ app_begin ] --START--
INFO: Run Behavior\ReadHtmlCacheBehavior [ RunTime:0.000368s ]
INFO: [ app_begin ] --END-- [ RunTime:0.000412s ]

[ 2016-04-06T17:53:27+08:00 ] 127.0.0.1 /index.php?m=Account&f=login
INFO: [ app_init ] --START--
INFO: Run Behavior\BuildLiteBehavior [ RunTime:0.000010s ]
INFO: [ app_init ] --END-- [ RunTime:0.000286s ]
INFO: [ app_begin ] --START--
INFO: Run Behavior\ReadHtmlCacheBehavior [ RunTime:0.000382s ]
INFO: [ app_begin ] --END-- [ RunTime:0.000428s ]
SQL: SHOW COLUMNS FROM `memberaccount` [ RunTime:0.0034s ]
SQL: select userid from memberaccount where account = 'haohan' [ RunTime:0.0008s ]
SQL: select userid from memberaccount where account = 'haohan' and password=password('aini1314') [ RunTime:0.0008s ]
INFO: [ app_end ] --START--
INFO: Run Behavior\ShowPageTraceBehavior [ RunTime:0.000661s ]
INFO: [ app_end ] --END-- [ RunTime:0.000715s ]

[ 2016-04-06T17:53:28+08:00 ] 127.0.0.1 /index.php?m=Account&f=isLogin
INFO: [ app_init ] --START--
INFO: Run Behavior\BuildLiteBehavior [ RunTime:0.000013s ]
INFO: [ app_init ] --END-- [ RunTime:0.000286s ]
INFO: [ app_begin ] --START--
INFO: Run Behavior\ReadHtmlCacheBehavior [ RunTime:0.000799s ]
INFO: [ app_begin ] --END-- [ RunTime:0.000854s ]

[ 2016-04-06T17:54:59+08:00 ] 127.0.0.1 /index.php?m=Account&f=login
INFO: [ app_init ] --START--
INFO: Run Behavior\BuildLiteBehavior [ RunTime:0.000009s ]
INFO: [ app_init ] --END-- [ RunTime:0.000230s ]
INFO: [ app_begin ] --START--
INFO: Run Behavior\ReadHtmlCacheBehavior [ RunTime:0.000297s ]
INFO: [ app_begin ] --END-- [ RunTime:0.000334s ]
SQL: SHOW COLUMNS FROM `memberaccount` [ RunTime:0.0030s ]
SQL: select userid from memberaccount where account = 'haohan' [ RunTime:0.0005s ]
SQL: select userid from memberaccount where account = 'haohan' and password=password('aini1314') [ RunTime:0.0003s ]
INFO: [ app_end ] --START--
INFO: Run Behavior\ShowPageTraceBehavior [ RunTime:0.000614s ]
INFO: [ app_end ] --END-- [ RunTime:0.000655s ]

[ 2016-04-06T17:55:05+08:00 ] 127.0.0.1 /index.php?m=Account&f=isLogin
INFO: [ app_init ] --START--
INFO: Run Behavior\BuildLiteBehavior [ RunTime:0.000011s ]
INFO: [ app_init ] --END-- [ RunTime:0.000302s ]
INFO: [ app_begin ] --START--
INFO: Run Behavior\ReadHtmlCacheBehavior [ RunTime:0.000346s ]
INFO: [ app_begin ] --END-- [ RunTime:0.000378s ]

[ 2016-04-06T17:56:15+08:00 ] 127.0.0.1 /index.php?m=Account&f=login
INFO: [ app_init ] --START--
INFO: Run Behavior\BuildLiteBehavior [ RunTime:0.000010s ]
INFO: [ app_init ] --END-- [ RunTime:0.000333s ]
INFO: [ app_begin ] --START--
INFO: Run Behavior\ReadHtmlCacheBehavior [ RunTime:0.000343s ]
INFO: [ app_begin ] --END-- [ RunTime:0.000377s ]
SQL: SHOW COLUMNS FROM `memberaccount` [ RunTime:0.0030s ]
SQL: select userid from memberaccount where account = 'haohan' [ RunTime:0.0004s ]
SQL: select userid from memberaccount where account = 'haohan' and password=password('aini1314') [ RunTime:0.0004s ]
INFO: [ app_end ] --START--
INFO: Run Behavior\ShowPageTraceBehavior [ RunTime:0.000476s ]
INFO: [ app_end ] --END-- [ RunTime:0.000527s ]

[ 2016-04-06T17:56:29+08:00 ] 127.0.0.1 /index.php?m=Account&f=isLogin
INFO: [ app_init ] --START--
INFO: Run Behavior\BuildLiteBehavior [ RunTime:0.000012s ]
INFO: [ app_init ] --END-- [ RunTime:0.000321s ]
INFO: [ app_begin ] --START--
INFO: Run Behavior\ReadHtmlCacheBehavior [ RunTime:0.000373s ]
INFO: [ app_begin ] --END-- [ RunTime:0.000410s ]

[ 2016-04-06T17:57:35+08:00 ] 127.0.0.1 /index.php?m=Account&f=login
INFO: [ app_init ] --START--
INFO: Run Behavior\BuildLiteBehavior [ RunTime:0.000010s ]
INFO: [ app_init ] --END-- [ RunTime:0.000285s ]
INFO: [ app_begin ] --START--
INFO: Run Behavior\ReadHtmlCacheBehavior [ RunTime:0.000317s ]
INFO: [ app_begin ] --END-- [ RunTime:0.000352s ]
SQL: SHOW COLUMNS FROM `memberaccount` [ RunTime:0.0029s ]
SQL: select userid from memberaccount where account = 'haohan' [ RunTime:0.0002s ]
SQL: select userid from memberaccount where account = 'haohan' and password=password('aini1314') [ RunTime:0.0002s ]
NOTIC: [8] A session had already been started - ignoring session_start() D:\Workspace\shopping\ThinkPHP\Common\functions.php 第 1272 行.
INFO: [ app_end ] --START--
INFO: Run Behavior\ShowPageTraceBehavior [ RunTime:0.000407s ]
INFO: [ app_end ] --END-- [ RunTime:0.000442s ]

[ 2016-04-06T17:57:36+08:00 ] 127.0.0.1 /index.php?m=Account&f=isLogin
INFO: [ app_init ] --START--
INFO: Run Behavior\BuildLiteBehavior [ RunTime:0.000010s ]
INFO: [ app_init ] --END-- [ RunTime:0.000298s ]
INFO: [ app_begin ] --START--
INFO: Run Behavior\ReadHtmlCacheBehavior [ RunTime:0.000313s ]
INFO: [ app_begin ] --END-- [ RunTime:0.000369s ]

[ 2016-04-06T17:58:20+08:00 ] 127.0.0.1 /index.php?m=Account&f=login
INFO: [ app_init ] --START--
INFO: Run Behavior\BuildLiteBehavior [ RunTime:0.000010s ]
INFO: [ app_init ] --END-- [ RunTime:0.000260s ]
INFO: [ app_begin ] --START--
INFO: Run Behavior\ReadHtmlCacheBehavior [ RunTime:0.000340s ]
INFO: [ app_begin ] --END-- [ RunTime:0.000383s ]
SQL: SHOW COLUMNS FROM `memberaccount` [ RunTime:0.0026s ]
SQL: select userid from memberaccount where account = 'haohan' [ RunTime:0.0003s ]
SQL: select userid from memberaccount where account = 'haohan' and password=password('aini1314') [ RunTime:0.0003s ]
INFO: [ app_end ] --START--
INFO: Run Behavior\ShowPageTraceBehavior [ RunTime:0.000439s ]
INFO: [ app_end ] --END-- [ RunTime:0.000477s ]

[ 2016-04-06T17:58:25+08:00 ] 127.0.0.1 /index.php?m=Account&f=isLogin
INFO: [ app_init ] --START--
INFO: Run Behavior\BuildLiteBehavior [ RunTime:0.000011s ]
INFO: [ app_init ] --END-- [ RunTime:0.000319s ]
INFO: [ app_begin ] --START--
INFO: Run Behavior\ReadHtmlCacheBehavior [ RunTime:0.000352s ]
INFO: [ app_begin ] --END-- [ RunTime:0.000391s ]

[ 2016-04-06T18:00:03+08:00 ] 127.0.0.1 /index.php?m=Account&f=login
INFO: [ app_init ] --START--
INFO: Run Behavior\BuildLiteBehavior [ RunTime:0.000013s ]
INFO: [ app_init ] --END-- [ RunTime:0.000373s ]
INFO: [ app_begin ] --START--
INFO: Run Behavior\ReadHtmlCacheBehavior [ RunTime:0.000349s ]
INFO: [ app_begin ] --END-- [ RunTime:0.000398s ]
SQL: SHOW COLUMNS FROM `memberaccount` [ RunTime:0.0032s ]
SQL: select userid from memberaccount where account = 'haohan' [ RunTime:0.0007s ]
SQL: select userid from memberaccount where account = 'haohan' and password=password('aini1314') [ RunTime:0.0004s ]
INFO: [ app_end ] --START--
INFO: Run Behavior\ShowPageTraceBehavior [ RunTime:0.000377s ]
INFO: [ app_end ] --END-- [ RunTime:0.000427s ]

[ 2016-04-06T18:00:08+08:00 ] 127.0.0.1 /index.php?m=Account&f=isLogin
INFO: [ app_init ] --START--
INFO: Run Behavior\BuildLiteBehavior [ RunTime:0.000011s ]
INFO: [ app_init ] --END-- [ RunTime:0.000311s ]
INFO: [ app_begin ] --START--
INFO: Run Behavior\ReadHtmlCacheBehavior [ RunTime:0.000349s ]
INFO: [ app_begin ] --END-- [ RunTime:0.000395s ]

[ 2016-04-06T18:02:58+08:00 ] 127.0.0.1 /index.php?m=Account&f=login
INFO: [ app_init ] --START--
INFO: Run Behavior\BuildLiteBehavior [ RunTime:0.000015s ]
INFO: [ app_init ] --END-- [ RunTime:0.000465s ]
INFO: [ app_begin ] --START--
INFO: Run Behavior\ReadHtmlCacheBehavior [ RunTime:0.000604s ]
INFO: [ app_begin ] --END-- [ RunTime:0.000655s ]
SQL: SHOW COLUMNS FROM `memberaccount` [ RunTime:0.0037s ]
SQL: select userid from memberaccount where account = 'haohan' [ RunTime:0.0005s ]
SQL: select userid from memberaccount where account = 'haohan' and password=password('aini1314') [ RunTime:0.0003s ]
INFO: [ app_end ] --START--
INFO: Run Behavior\ShowPageTraceBehavior [ RunTime:0.000495s ]
INFO: [ app_end ] --END-- [ RunTime:0.000537s ]

[ 2016-04-06T18:03:00+08:00 ] 127.0.0.1 /index.php?m=Account&f=isLogin
INFO: [ app_init ] --START--
INFO: Run Behavior\BuildLiteBehavior [ RunTime:0.000048s ]
INFO: [ app_init ] --END-- [ RunTime:0.001019s ]
INFO: [ app_begin ] --START--
INFO: Run Behavior\ReadHtmlCacheBehavior [ RunTime:0.000360s ]
INFO: [ app_begin ] --END-- [ RunTime:0.000406s ]

[ 2016-04-06T18:06:36+08:00 ] 127.0.0.1 /index.php?m=Account&f=login
INFO: [ app_init ] --START--
INFO: Run Behavior\BuildLiteBehavior [ RunTime:0.000016s ]
INFO: [ app_init ] --END-- [ RunTime:0.000497s ]
INFO: [ app_begin ] --START--
INFO: Run Behavior\ReadHtmlCacheBehavior [ RunTime:0.000574s ]
INFO: [ app_begin ] --END-- [ RunTime:0.000645s ]
SQL: SHOW COLUMNS FROM `memberaccount` [ RunTime:0.0043s ]
SQL: select userid from memberaccount where account = 'haohan' [ RunTime:0.0005s ]
SQL: select userid from memberaccount where account = 'haohan' and password=password('aini1314') [ RunTime:0.0004s ]
INFO: [ app_end ] --START--
INFO: Run Behavior\ShowPageTraceBehavior [ RunTime:0.000657s ]
INFO: [ app_end ] --END-- [ RunTime:0.000728s ]

[ 2016-04-06T18:06:37+08:00 ] 127.0.0.1 /index.php?m=Account&f=isLogin
INFO: [ app_init ] --START--
INFO: Run Behavior\BuildLiteBehavior [ RunTime:0.000017s ]
INFO: [ app_init ] --END-- [ RunTime:0.000432s ]
INFO: [ app_begin ] --START--
INFO: Run Behavior\ReadHtmlCacheBehavior [ RunTime:0.000492s ]
INFO: [ app_begin ] --END-- [ RunTime:0.000553s ]

[ 2016-04-06T18:07:32+08:00 ] 127.0.0.1 /index.php?m=Account&f=login
INFO: [ app_init ] --START--
INFO: Run Behavior\BuildLiteBehavior [ RunTime:0.000017s ]
INFO: [ app_init ] --END-- [ RunTime:0.000449s ]
INFO: [ app_begin ] --START--
INFO: Run Behavior\ReadHtmlCacheBehavior [ RunTime:0.000527s ]
INFO: [ app_begin ] --END-- [ RunTime:0.000595s ]
SQL: SHOW COLUMNS FROM `memberaccount` [ RunTime:0.0035s ]
SQL: select userid from memberaccount where account = 'haohan' [ RunTime:0.0009s ]
SQL: select userid from memberaccount where account = 'haohan' and password=password('aini1314') [ RunTime:0.0005s ]
INFO: [ app_end ] --START--
INFO: Run Behavior\ShowPageTraceBehavior [ RunTime:0.000547s ]
INFO: [ app_end ] --END-- [ RunTime:0.000607s ]

[ 2016-04-06T18:07:34+08:00 ] 127.0.0.1 /index.php?m=Account&f=isLogin
INFO: [ app_init ] --START--
INFO: Run Behavior\BuildLiteBehavior [ RunTime:0.000016s ]
INFO: [ app_init ] --END-- [ RunTime:0.000410s ]
INFO: [ app_begin ] --START--
INFO: Run Behavior\ReadHtmlCacheBehavior [ RunTime:0.000475s ]
INFO: [ app_begin ] --END-- [ RunTime:0.000538s ]

[ 2016-04-06T18:08:40+08:00 ] 127.0.0.1 /index.php?m=Account&f=login
INFO: [ app_init ] --START--
INFO: Run Behavior\BuildLiteBehavior [ RunTime:0.000014s ]
INFO: [ app_init ] --END-- [ RunTime:0.000403s ]
INFO: [ app_begin ] --START--
INFO: Run Behavior\ReadHtmlCacheBehavior [ RunTime:0.000562s ]
INFO: [ app_begin ] --END-- [ RunTime:0.000623s ]
SQL: SHOW COLUMNS FROM `memberaccount` [ RunTime:0.0044s ]
SQL: select userid from memberaccount where account = 'haohan' [ RunTime:0.0005s ]
SQL: select userid from memberaccount where account = 'haohan' and password=password('aini1314') [ RunTime:0.0005s ]
INFO: [ app_end ] --START--
INFO: Run Behavior\ShowPageTraceBehavior [ RunTime:0.000555s ]
INFO: [ app_end ] --END-- [ RunTime:0.000610s ]

[ 2016-04-06T18:08:41+08:00 ] 127.0.0.1 /index.php?m=Account&f=isLogin
INFO: [ app_init ] --START--
INFO: Run Behavior\BuildLiteBehavior [ RunTime:0.000015s ]
INFO: [ app_init ] --END-- [ RunTime:0.000417s ]
INFO: [ app_begin ] --START--
INFO: Run Behavior\ReadHtmlCacheBehavior [ RunTime:0.000541s ]
INFO: [ app_begin ] --END-- [ RunTime:0.000610s ]

[ 2016-04-06T18:09:20+08:00 ] 127.0.0.1 /index.php?m=Account&f=login
INFO: [ app_init ] --START--
INFO: Run Behavior\BuildLiteBehavior [ RunTime:0.000017s ]
INFO: [ app_init ] --END-- [ RunTime:0.000392s ]
INFO: [ app_begin ] --START--
INFO: Run Behavior\ReadHtmlCacheBehavior [ RunTime:0.000348s ]
INFO: [ app_begin ] --END-- [ RunTime:0.000388s ]
SQL: SHOW COLUMNS FROM `memberaccount` [ RunTime:0.0045s ]
SQL: select userid from memberaccount where account = 'haohan' [ RunTime:0.0003s ]
SQL: select userid from memberaccount where account = 'haohan' and password=password('aini1314') [ RunTime:0.0003s ]
INFO: [ app_end ] --START--
INFO: Run Behavior\ShowPageTraceBehavior [ RunTime:0.000607s ]
INFO: [ app_end ] --END-- [ RunTime:0.000679s ]

[ 2016-04-06T18:09:21+08:00 ] 127.0.0.1 /index.php?m=Account&f=isLogin
INFO: [ app_init ] --START--
INFO: Run Behavior\BuildLiteBehavior [ RunTime:0.000013s ]
INFO: [ app_init ] --END-- [ RunTime:0.000354s ]
INFO: [ app_begin ] --START--
INFO: Run Behavior\ReadHtmlCacheBehavior [ RunTime:0.000345s ]
INFO: [ app_begin ] --END-- [ RunTime:0.000392s ]

[ 2016-04-06T18:13:13+08:00 ] 127.0.0.1 /index.php?m=Account&f=login
INFO: [ app_init ] --START--
INFO: Run Behavior\BuildLiteBehavior [ RunTime:0.000018s ]
INFO: [ app_init ] --END-- [ RunTime:0.000643s ]
INFO: [ app_begin ] --START--
INFO: Run Behavior\ReadHtmlCacheBehavior [ RunTime:0.000802s ]
INFO: [ app_begin ] --END-- [ RunTime:0.000887s ]
SQL: SHOW COLUMNS FROM `memberaccount` [ RunTime:0.0034s ]
SQL: select userid from memberaccount where account = 'haohan' [ RunTime:0.0003s ]
SQL: select userid from memberaccount where account = 'haohan' and password=password('aini1314') [ RunTime:0.0003s ]
INFO: [ app_end ] --START--
INFO: Run Behavior\ShowPageTraceBehavior [ RunTime:0.000498s ]
INFO: [ app_end ] --END-- [ RunTime:0.000544s ]

[ 2016-04-06T18:13:14+08:00 ] 127.0.0.1 /index.php?m=Account&f=isLogin
INFO: [ app_init ] --START--
INFO: Run Behavior\BuildLiteBehavior [ RunTime:0.000011s ]
INFO: [ app_init ] --END-- [ RunTime:0.000306s ]
INFO: [ app_begin ] --START--
INFO: Run Behavior\ReadHtmlCacheBehavior [ RunTime:0.000533s ]
INFO: [ app_begin ] --END-- [ RunTime:0.000611s ]

[ 2016-04-06T18:15:06+08:00 ] 127.0.0.1 /index.php?m=Account&f=isLogin
INFO: [ app_init ] --START--
INFO: Run Behavior\BuildLiteBehavior [ RunTime:0.000018s ]
INFO: [ app_init ] --END-- [ RunTime:0.000258s ]
INFO: [ app_begin ] --START--
INFO: Run Behavior\ReadHtmlCacheBehavior [ RunTime:0.000355s ]
INFO: [ app_begin ] --END-- [ RunTime:0.000392s ]

[ 2016-04-06T18:15:15+08:00 ] 127.0.0.1 /index.php?m=Account&f=login
INFO: [ app_init ] --START--
INFO: Run Behavior\BuildLiteBehavior [ RunTime:0.000013s ]
INFO: [ app_init ] --END-- [ RunTime:0.000459s ]
INFO: [ app_begin ] --START--
INFO: Run Behavior\ReadHtmlCacheBehavior [ RunTime:0.000394s ]
INFO: [ app_begin ] --END-- [ RunTime:0.000447s ]
SQL: SHOW COLUMNS FROM `memberaccount` [ RunTime:0.0030s ]
SQL: select userid from memberaccount where account = 'haohan' [ RunTime:0.0003s ]
SQL: select userid from memberaccount where account = 'haohan' and password=password('aini1314') [ RunTime:0.0002s ]
INFO: [ app_end ] --START--
INFO: Run Behavior\ShowPageTraceBehavior [ RunTime:0.000527s ]
INFO: [ app_end ] --END-- [ RunTime:0.000569s ]

[ 2016-04-06T18:15:21+08:00 ] 127.0.0.1 /index.php?m=Account&f=isLogin
INFO: [ app_init ] --START--
INFO: Run Behavior\BuildLiteBehavior [ RunTime:0.000012s ]
INFO: [ app_init ] --END-- [ RunTime:0.000355s ]
INFO: [ app_begin ] --START--
INFO: Run Behavior\ReadHtmlCacheBehavior [ RunTime:0.000459s ]
INFO: [ app_begin ] --END-- [ RunTime:0.000496s ]

